[2019-01-28 16:20:48,758][MainThread:13580][task_id:db_read][db_file_read.py:11][INFO][打开数据库读取白户信息]
[2019-01-28 16:20:48,759][MainThread:13580][task_id:db_read][db_file_read.py:14][INFO][打开数据库读取白户信息已完成]
[2019-01-28 16:20:48,759][MainThread:13580][task_id:db_read][db_file_read.py:15][INFO][打开数据库读取黑户信息]
[2019-01-28 16:20:48,759][MainThread:13580][task_id:db_read][db_file_read.py:19][INFO][打开数据库读取黑户信息已完成]
[2019-01-28 16:20:48,760][MainThread:13580][task_id:db_read][db_file_read.py:20][INFO][进入登录函数]
[2019-01-28 16:23:32,249][MainThread:12104][task_id:db_read][db_file_read.py:11][INFO][打开数据库读取白户信息]
[2019-01-28 16:23:32,250][MainThread:12104][task_id:db_read][db_file_read.py:14][INFO][打开数据库读取白户信息已完成]
[2019-01-28 16:23:32,250][MainThread:12104][task_id:db_read][db_file_read.py:15][INFO][打开数据库读取黑户信息]
[2019-01-28 16:23:32,250][MainThread:12104][task_id:db_read][db_file_read.py:19][INFO][打开数据库读取黑户信息已完成]
[2019-01-28 16:23:32,250][MainThread:12104][task_id:db_read][db_file_read.py:20][INFO][进入登录函数]
[2019-01-28 16:24:17,217][MainThread:7196][task_id:db_read][db_file_read.py:11][INFO][打开数据库读取白户信息]
[2019-01-28 16:24:17,218][MainThread:7196][task_id:db_read][db_file_read.py:14][INFO][打开数据库读取白户信息已完成]
[2019-01-28 16:24:17,218][MainThread:7196][task_id:db_read][db_file_read.py:15][INFO][打开数据库读取黑户信息]
[2019-01-28 16:24:17,219][MainThread:7196][task_id:db_read][db_file_read.py:19][INFO][打开数据库读取黑户信息已完成]
[2019-01-28 16:24:17,219][MainThread:7196][task_id:db_read][db_file_read.py:20][INFO][进入登录函数]
[2019-01-28 16:26:31,921][MainThread:12992][task_id:db_read][db_file_read.py:11][INFO][打开数据库读取白户信息]
[2019-01-28 16:26:31,921][MainThread:12992][task_id:db_read][db_file_read.py:14][INFO][打开数据库读取白户信息已完成]
[2019-01-28 16:26:31,921][MainThread:12992][task_id:db_read][db_file_read.py:15][INFO][打开数据库读取黑户信息]
[2019-01-28 16:26:31,922][MainThread:12992][task_id:db_read][db_file_read.py:19][INFO][打开数据库读取黑户信息已完成]
[2019-01-28 16:26:31,922][MainThread:12992][task_id:db_read][db_file_read.py:20][INFO][进入登录函数]
[2019-01-28 16:26:58,045][MainThread:11960][task_id:db_read][db_file_read.py:11][INFO][打开数据库读取白户信息]
[2019-01-28 16:26:58,046][MainThread:11960][task_id:db_read][db_file_read.py:14][INFO][打开数据库读取白户信息已完成]
[2019-01-28 16:26:58,046][MainThread:11960][task_id:db_read][db_file_read.py:15][INFO][打开数据库读取黑户信息]
[2019-01-28 16:26:58,046][MainThread:11960][task_id:db_read][db_file_read.py:19][INFO][打开数据库读取黑户信息已完成]
[2019-01-28 16:26:58,046][MainThread:11960][task_id:db_read][db_file_read.py:20][INFO][进入登录函数]
[2019-01-28 16:28:15,783][MainThread:15252][task_id:db_read][db_file_read.py:11][INFO][打开数据库读取白户信息]
[2019-01-28 16:28:15,784][MainThread:15252][task_id:db_read][db_file_read.py:14][INFO][打开数据库读取白户信息已完成]
[2019-01-28 16:28:15,784][MainThread:15252][task_id:db_read][db_file_read.py:15][INFO][打开数据库读取黑户信息]
[2019-01-28 16:28:15,784][MainThread:15252][task_id:db_read][db_file_read.py:19][INFO][打开数据库读取黑户信息已完成]
[2019-01-28 16:28:15,785][MainThread:15252][task_id:db_read][db_file_read.py:20][INFO][进入登录函数]
[2019-01-28 16:30:08,773][MainThread:4952][task_id:db_read][db_file_read.py:11][INFO][打开数据库读取白户信息]
[2019-01-28 16:30:08,774][MainThread:4952][task_id:db_read][db_file_read.py:14][INFO][打开数据库读取白户信息已完成]
[2019-01-28 16:30:08,774][MainThread:4952][task_id:db_read][db_file_read.py:15][INFO][打开数据库读取黑户信息]
[2019-01-28 16:30:08,774][MainThread:4952][task_id:db_read][db_file_read.py:19][INFO][打开数据库读取黑户信息已完成]
[2019-01-28 16:30:08,775][MainThread:4952][task_id:db_read][db_file_read.py:20][INFO][进入登录函数]
[2019-01-28 16:33:41,840][MainThread:13236][task_id:db_read][db_file_read.py:11][INFO][打开数据库读取白户信息]
[2019-01-28 16:33:41,840][MainThread:13236][task_id:db_read][db_file_read.py:14][INFO][打开数据库读取白户信息已完成]
[2019-01-28 16:33:41,841][MainThread:13236][task_id:db_read][db_file_read.py:15][INFO][打开数据库读取黑户信息]
[2019-01-28 16:33:41,841][MainThread:13236][task_id:db_read][db_file_read.py:19][INFO][打开数据库读取黑户信息已完成]
[2019-01-28 16:33:41,841][MainThread:13236][task_id:db_read][db_file_read.py:20][INFO][进入登录函数]
[2019-01-28 16:34:53,121][MainThread:1908][task_id:db_read][db_file_read.py:11][INFO][打开数据库读取白户信息]
[2019-01-28 16:34:53,122][MainThread:1908][task_id:db_read][db_file_read.py:14][INFO][打开数据库读取白户信息已完成]
[2019-01-28 16:34:53,122][MainThread:1908][task_id:db_read][db_file_read.py:15][INFO][打开数据库读取黑户信息]
[2019-01-28 16:34:53,122][MainThread:1908][task_id:db_read][db_file_read.py:19][INFO][打开数据库读取黑户信息已完成]
[2019-01-28 16:34:53,122][MainThread:1908][task_id:db_read][db_file_read.py:20][INFO][进入登录函数]
[2019-01-28 16:36:54,889][MainThread:6628][task_id:db_read][db_file_read.py:11][INFO][打开数据库读取白户信息]
[2019-01-28 16:36:54,889][MainThread:6628][task_id:db_read][db_file_read.py:14][INFO][打开数据库读取白户信息已完成]
[2019-01-28 16:36:54,889][MainThread:6628][task_id:db_read][db_file_read.py:15][INFO][打开数据库读取黑户信息]
[2019-01-28 16:36:54,890][MainThread:6628][task_id:db_read][db_file_read.py:19][INFO][打开数据库读取黑户信息已完成]
[2019-01-28 16:36:54,890][MainThread:6628][task_id:db_read][db_file_read.py:20][INFO][进入登录函数]
[2019-01-28 16:38:58,347][MainThread:8132][task_id:db_read][db_file_read.py:11][INFO][打开数据库读取白户信息]
[2019-01-28 16:38:58,347][MainThread:8132][task_id:db_read][db_file_read.py:14][INFO][打开数据库读取白户信息已完成]
[2019-01-28 16:38:58,347][MainThread:8132][task_id:db_read][db_file_read.py:15][INFO][打开数据库读取黑户信息]
[2019-01-28 16:38:58,348][MainThread:8132][task_id:db_read][db_file_read.py:19][INFO][打开数据库读取黑户信息已完成]
[2019-01-28 16:38:58,348][MainThread:8132][task_id:db_read][db_file_read.py:20][INFO][进入登录函数]
[2019-01-28 16:39:21,549][MainThread:14876][task_id:db_read][db_file_read.py:11][INFO][打开数据库读取白户信息]
[2019-01-28 16:39:21,549][MainThread:14876][task_id:db_read][db_file_read.py:14][INFO][打开数据库读取白户信息已完成]
[2019-01-28 16:39:21,549][MainThread:14876][task_id:db_read][db_file_read.py:15][INFO][打开数据库读取黑户信息]
[2019-01-28 16:39:21,550][MainThread:14876][task_id:db_read][db_file_read.py:19][INFO][打开数据库读取黑户信息已完成]
[2019-01-28 16:39:21,550][MainThread:14876][task_id:db_read][db_file_read.py:20][INFO][进入登录函数]
[2019-01-28 16:44:18,375][MainThread:3612][task_id:db_read][db_file_read.py:11][INFO][打开数据库读取白户信息]
[2019-01-28 16:44:18,375][MainThread:3612][task_id:db_read][db_file_read.py:14][INFO][打开数据库读取白户信息已完成]
[2019-01-28 16:44:18,376][MainThread:3612][task_id:db_read][db_file_read.py:15][INFO][打开数据库读取黑户信息]
[2019-01-28 16:44:18,376][MainThread:3612][task_id:db_read][db_file_read.py:19][INFO][打开数据库读取黑户信息已完成]
[2019-01-28 16:44:18,376][MainThread:3612][task_id:db_read][db_file_read.py:20][INFO][进入登录函数]
[2019-01-28 16:44:31,607][MainThread:12944][task_id:db_read][db_file_read.py:11][INFO][打开数据库读取白户信息]
[2019-01-28 16:44:31,607][MainThread:12944][task_id:db_read][db_file_read.py:14][INFO][打开数据库读取白户信息已完成]
[2019-01-28 16:44:31,607][MainThread:12944][task_id:db_read][db_file_read.py:15][INFO][打开数据库读取黑户信息]
[2019-01-28 16:44:31,608][MainThread:12944][task_id:db_read][db_file_read.py:19][INFO][打开数据库读取黑户信息已完成]
[2019-01-28 16:44:31,608][MainThread:12944][task_id:db_read][db_file_read.py:20][INFO][进入登录函数]
[2019-01-28 16:45:12,604][MainThread:14092][task_id:db_read][db_file_read.py:11][INFO][打开数据库读取白户信息]
[2019-01-28 16:45:12,605][MainThread:14092][task_id:db_read][db_file_read.py:14][INFO][打开数据库读取白户信息已完成]
[2019-01-28 16:45:12,605][MainThread:14092][task_id:db_read][db_file_read.py:15][INFO][打开数据库读取黑户信息]
[2019-01-28 16:45:12,605][MainThread:14092][task_id:db_read][db_file_read.py:19][INFO][打开数据库读取黑户信息已完成]
[2019-01-28 16:45:12,605][MainThread:14092][task_id:db_read][db_file_read.py:20][INFO][进入登录函数]
[2019-01-28 16:49:07,042][MainThread:14716][task_id:db_read][db_file_read.py:11][INFO][打开数据库读取白户信息]
[2019-01-28 16:49:07,042][MainThread:14716][task_id:db_read][db_file_read.py:14][INFO][打开数据库读取白户信息已完成]
[2019-01-28 16:49:07,042][MainThread:14716][task_id:db_read][db_file_read.py:15][INFO][打开数据库读取黑户信息]
[2019-01-28 16:49:07,043][MainThread:14716][task_id:db_read][db_file_read.py:19][INFO][打开数据库读取黑户信息已完成]
[2019-01-28 16:49:07,043][MainThread:14716][task_id:db_read][db_file_read.py:20][INFO][进入登录函数]
[2019-01-28 16:50:28,059][MainThread:14292][task_id:db_read][db_file_read.py:11][INFO][打开数据库读取白户信息]
[2019-01-28 16:50:28,059][MainThread:14292][task_id:db_read][db_file_read.py:14][INFO][打开数据库读取白户信息已完成]
[2019-01-28 16:50:28,060][MainThread:14292][task_id:db_read][db_file_read.py:15][INFO][打开数据库读取黑户信息]
[2019-01-28 16:50:28,060][MainThread:14292][task_id:db_read][db_file_read.py:19][INFO][打开数据库读取黑户信息已完成]
[2019-01-28 16:50:28,060][MainThread:14292][task_id:db_read][db_file_read.py:20][INFO][进入登录函数]
[2019-01-28 16:54:20,312][MainThread:15052][task_id:db_read][db_file_read.py:11][INFO][打开数据库读取白户信息]
[2019-01-28 16:54:20,312][MainThread:15052][task_id:db_read][db_file_read.py:14][INFO][打开数据库读取白户信息已完成]
[2019-01-28 16:54:20,312][MainThread:15052][task_id:db_read][db_file_read.py:15][INFO][打开数据库读取黑户信息]
[2019-01-28 16:54:20,312][MainThread:15052][task_id:db_read][db_file_read.py:19][INFO][打开数据库读取黑户信息已完成]
[2019-01-28 16:54:20,313][MainThread:15052][task_id:db_read][db_file_read.py:20][INFO][进入登录函数]
[2019-01-28 16:57:14,816][MainThread:14108][task_id:db_read][db_file_read.py:11][INFO][打开数据库读取白户信息]
[2019-01-28 16:57:14,817][MainThread:14108][task_id:db_read][db_file_read.py:14][INFO][打开数据库读取白户信息已完成]
[2019-01-28 16:57:14,817][MainThread:14108][task_id:db_read][db_file_read.py:15][INFO][打开数据库读取黑户信息]
[2019-01-28 16:57:14,818][MainThread:14108][task_id:db_read][db_file_read.py:19][INFO][打开数据库读取黑户信息已完成]
[2019-01-28 16:57:14,818][MainThread:14108][task_id:db_read][db_file_read.py:20][INFO][进入登录函数]
[2019-01-28 17:04:24,436][MainThread:2208][task_id:db_read][db_file_read.py:11][INFO][打开数据库读取白户信息]
[2019-01-28 17:04:24,437][MainThread:2208][task_id:db_read][db_file_read.py:14][INFO][打开数据库读取白户信息已完成]
[2019-01-28 17:04:24,437][MainThread:2208][task_id:db_read][db_file_read.py:15][INFO][打开数据库读取黑户信息]
[2019-01-28 17:04:24,437][MainThread:2208][task_id:db_read][db_file_read.py:19][INFO][打开数据库读取黑户信息已完成]
[2019-01-28 17:04:24,437][MainThread:2208][task_id:db_read][db_file_read.py:20][INFO][进入登录函数]
[2019-01-28 17:06:22,809][MainThread:14040][task_id:db_read][db_file_read.py:11][INFO][打开数据库读取白户信息]
[2019-01-28 17:06:22,809][MainThread:14040][task_id:db_read][db_file_read.py:14][INFO][打开数据库读取白户信息已完成]
[2019-01-28 17:06:22,810][MainThread:14040][task_id:db_read][db_file_read.py:15][INFO][打开数据库读取黑户信息]
[2019-01-28 17:06:22,810][MainThread:14040][task_id:db_read][db_file_read.py:19][INFO][打开数据库读取黑户信息已完成]
[2019-01-28 17:06:22,810][MainThread:14040][task_id:db_read][db_file_read.py:20][INFO][进入登录函数]
[2019-01-28 17:06:58,559][MainThread:14168][task_id:db_read][db_file_read.py:11][INFO][打开数据库读取白户信息]
[2019-01-28 17:06:58,559][MainThread:14168][task_id:db_read][db_file_read.py:14][INFO][打开数据库读取白户信息已完成]
[2019-01-28 17:06:58,559][MainThread:14168][task_id:db_read][db_file_read.py:15][INFO][打开数据库读取黑户信息]
[2019-01-28 17:06:58,560][MainThread:14168][task_id:db_read][db_file_read.py:19][INFO][打开数据库读取黑户信息已完成]
[2019-01-28 17:06:58,560][MainThread:14168][task_id:db_read][db_file_read.py:20][INFO][进入登录函数]
[2019-01-28 17:08:13,091][MainThread:15224][task_id:db_read][db_file_read.py:11][INFO][打开数据库读取白户信息]
[2019-01-28 17:08:13,091][MainThread:15224][task_id:db_read][db_file_read.py:14][INFO][打开数据库读取白户信息已完成]
[2019-01-28 17:08:13,092][MainThread:15224][task_id:db_read][db_file_read.py:15][INFO][打开数据库读取黑户信息]
[2019-01-28 17:08:13,092][MainThread:15224][task_id:db_read][db_file_read.py:19][INFO][打开数据库读取黑户信息已完成]
[2019-01-28 17:08:13,092][MainThread:15224][task_id:db_read][db_file_read.py:20][INFO][进入登录函数]
[2019-01-28 17:08:38,955][MainThread:15172][task_id:db_read][db_file_read.py:11][INFO][打开数据库读取白户信息]
[2019-01-28 17:08:38,955][MainThread:15172][task_id:db_read][db_file_read.py:14][INFO][打开数据库读取白户信息已完成]
[2019-01-28 17:08:38,955][MainThread:15172][task_id:db_read][db_file_read.py:15][INFO][打开数据库读取黑户信息]
[2019-01-28 17:08:38,956][MainThread:15172][task_id:db_read][db_file_read.py:19][INFO][打开数据库读取黑户信息已完成]
[2019-01-28 17:08:38,956][MainThread:15172][task_id:db_read][db_file_read.py:20][INFO][进入登录函数]
[2019-01-28 17:13:16,242][MainThread:3700][task_id:db_read][db_file_read.py:11][INFO][打开数据库读取白户信息]
[2019-01-28 17:13:16,243][MainThread:3700][task_id:db_read][db_file_read.py:14][INFO][打开数据库读取白户信息已完成]
[2019-01-28 17:13:16,243][MainThread:3700][task_id:db_read][db_file_read.py:15][INFO][打开数据库读取黑户信息]
[2019-01-28 17:13:16,243][MainThread:3700][task_id:db_read][db_file_read.py:19][INFO][打开数据库读取黑户信息已完成]
[2019-01-28 17:13:16,244][MainThread:3700][task_id:db_read][db_file_read.py:20][INFO][进入登录函数]
[2019-01-28 17:14:45,218][MainThread:14464][task_id:db_read][db_file_read.py:11][INFO][打开数据库读取白户信息]
[2019-01-28 17:14:45,219][MainThread:14464][task_id:db_read][db_file_read.py:14][INFO][打开数据库读取白户信息已完成]
[2019-01-28 17:14:45,219][MainThread:14464][task_id:db_read][db_file_read.py:15][INFO][打开数据库读取黑户信息]
[2019-01-28 17:14:45,219][MainThread:14464][task_id:db_read][db_file_read.py:19][INFO][打开数据库读取黑户信息已完成]
[2019-01-28 17:14:45,219][MainThread:14464][task_id:db_read][db_file_read.py:20][INFO][进入登录函数]
[2019-01-28 17:19:49,758][MainThread:3800][task_id:db_read][db_file_read.py:11][INFO][打开数据库读取白户信息]
[2019-01-28 17:19:49,758][MainThread:3800][task_id:db_read][db_file_read.py:14][INFO][打开数据库读取白户信息已完成]
[2019-01-28 17:19:49,758][MainThread:3800][task_id:db_read][db_file_read.py:15][INFO][打开数据库读取黑户信息]
[2019-01-28 17:19:49,759][MainThread:3800][task_id:db_read][db_file_read.py:19][INFO][打开数据库读取黑户信息已完成]
[2019-01-28 17:19:49,759][MainThread:3800][task_id:db_read][db_file_read.py:20][INFO][进入登录函数]
[2019-01-28 17:24:12,915][MainThread:15248][task_id:db_read][db_file_read.py:11][INFO][打开数据库读取白户信息]
[2019-01-28 17:24:12,916][MainThread:15248][task_id:db_read][db_file_read.py:14][INFO][打开数据库读取白户信息已完成]
[2019-01-28 17:24:12,916][MainThread:15248][task_id:db_read][db_file_read.py:15][INFO][打开数据库读取黑户信息]
[2019-01-28 17:24:12,917][MainThread:15248][task_id:db_read][db_file_read.py:19][INFO][打开数据库读取黑户信息已完成]
[2019-01-28 17:24:12,917][MainThread:15248][task_id:db_read][db_file_read.py:20][INFO][进入登录函数]
[2019-01-28 17:25:56,500][MainThread:14348][task_id:db_read][db_file_read.py:11][INFO][打开数据库读取白户信息]
[2019-01-28 17:25:56,500][MainThread:14348][task_id:db_read][db_file_read.py:14][INFO][打开数据库读取白户信息已完成]
[2019-01-28 17:25:56,500][MainThread:14348][task_id:db_read][db_file_read.py:15][INFO][打开数据库读取黑户信息]
[2019-01-28 17:25:56,501][MainThread:14348][task_id:db_read][db_file_read.py:19][INFO][打开数据库读取黑户信息已完成]
[2019-01-28 17:25:56,501][MainThread:14348][task_id:db_read][db_file_read.py:20][INFO][进入登录函数]
[2019-01-28 17:29:25,709][MainThread:13492][task_id:db_read][db_file_read.py:11][INFO][打开数据库读取白户信息]
[2019-01-28 17:29:25,709][MainThread:13492][task_id:db_read][db_file_read.py:14][INFO][打开数据库读取白户信息已完成]
[2019-01-28 17:29:25,709][MainThread:13492][task_id:db_read][db_file_read.py:15][INFO][打开数据库读取黑户信息]
[2019-01-28 17:29:25,710][MainThread:13492][task_id:db_read][db_file_read.py:19][INFO][打开数据库读取黑户信息已完成]
[2019-01-28 17:29:25,710][MainThread:13492][task_id:db_read][db_file_read.py:20][INFO][进入登录函数]
[2019-01-28 17:31:47,571][MainThread:14524][task_id:db_read][db_file_read.py:11][INFO][打开数据库读取白户信息]
[2019-01-28 17:31:47,572][MainThread:14524][task_id:db_read][db_file_read.py:14][INFO][打开数据库读取白户信息已完成]
[2019-01-28 17:31:47,572][MainThread:14524][task_id:db_read][db_file_read.py:15][INFO][打开数据库读取黑户信息]
[2019-01-28 17:31:47,573][MainThread:14524][task_id:db_read][db_file_read.py:19][INFO][打开数据库读取黑户信息已完成]
[2019-01-28 17:31:47,573][MainThread:14524][task_id:db_read][db_file_read.py:20][INFO][进入登录函数]
[2019-01-28 17:33:41,892][MainThread:9328][task_id:db_read][db_file_read.py:11][INFO][打开数据库读取白户信息]
[2019-01-28 17:33:41,893][MainThread:9328][task_id:db_read][db_file_read.py:14][INFO][打开数据库读取白户信息已完成]
[2019-01-28 17:33:41,893][MainThread:9328][task_id:db_read][db_file_read.py:15][INFO][打开数据库读取黑户信息]
[2019-01-28 17:33:41,893][MainThread:9328][task_id:db_read][db_file_read.py:19][INFO][打开数据库读取黑户信息已完成]
[2019-01-28 17:33:41,893][MainThread:9328][task_id:db_read][db_file_read.py:20][INFO][进入登录函数]
[2019-01-28 17:35:43,199][MainThread:1524][task_id:db_read][db_file_read.py:11][INFO][打开数据库读取白户信息]
[2019-01-28 17:35:43,199][MainThread:1524][task_id:db_read][db_file_read.py:14][INFO][打开数据库读取白户信息已完成]
[2019-01-28 17:35:43,199][MainThread:1524][task_id:db_read][db_file_read.py:15][INFO][打开数据库读取黑户信息]
[2019-01-28 17:35:43,200][MainThread:1524][task_id:db_read][db_file_read.py:19][INFO][打开数据库读取黑户信息已完成]
[2019-01-28 17:35:43,200][MainThread:1524][task_id:db_read][db_file_read.py:20][INFO][进入登录函数]
[2019-01-28 17:36:12,343][MainThread:1648][task_id:db_read][db_file_read.py:11][INFO][打开数据库读取白户信息]
[2019-01-28 17:36:12,344][MainThread:1648][task_id:db_read][db_file_read.py:14][INFO][打开数据库读取白户信息已完成]
[2019-01-28 17:36:12,344][MainThread:1648][task_id:db_read][db_file_read.py:15][INFO][打开数据库读取黑户信息]
[2019-01-28 17:36:12,344][MainThread:1648][task_id:db_read][db_file_read.py:19][INFO][打开数据库读取黑户信息已完成]
[2019-01-28 17:36:12,344][MainThread:1648][task_id:db_read][db_file_read.py:20][INFO][进入登录函数]
[2019-01-28 17:38:13,675][MainThread:364][task_id:db_read][db_file_read.py:11][INFO][打开数据库读取白户信息]
[2019-01-28 17:38:13,675][MainThread:364][task_id:db_read][db_file_read.py:14][INFO][打开数据库读取白户信息已完成]
[2019-01-28 17:38:13,675][MainThread:364][task_id:db_read][db_file_read.py:15][INFO][打开数据库读取黑户信息]
[2019-01-28 17:38:13,676][MainThread:364][task_id:db_read][db_file_read.py:19][INFO][打开数据库读取黑户信息已完成]
[2019-01-28 17:38:13,676][MainThread:364][task_id:db_read][db_file_read.py:20][INFO][进入登录函数]
[2019-01-28 17:39:12,764][MainThread:10648][task_id:db_read][db_file_read.py:11][INFO][打开数据库读取白户信息]
[2019-01-28 17:39:12,765][MainThread:10648][task_id:db_read][db_file_read.py:14][INFO][打开数据库读取白户信息已完成]
[2019-01-28 17:39:12,765][MainThread:10648][task_id:db_read][db_file_read.py:15][INFO][打开数据库读取黑户信息]
[2019-01-28 17:39:12,765][MainThread:10648][task_id:db_read][db_file_read.py:19][INFO][打开数据库读取黑户信息已完成]
[2019-01-28 17:39:12,765][MainThread:10648][task_id:db_read][db_file_read.py:20][INFO][进入登录函数]
[2019-01-28 17:40:34,922][MainThread:8712][task_id:db_read][db_file_read.py:11][INFO][打开数据库读取白户信息]
[2019-01-28 17:40:34,922][MainThread:8712][task_id:db_read][db_file_read.py:14][INFO][打开数据库读取白户信息已完成]
[2019-01-28 17:40:34,922][MainThread:8712][task_id:db_read][db_file_read.py:15][INFO][打开数据库读取黑户信息]
[2019-01-28 17:40:34,923][MainThread:8712][task_id:db_read][db_file_read.py:19][INFO][打开数据库读取黑户信息已完成]
[2019-01-28 17:40:34,923][MainThread:8712][task_id:db_read][db_file_read.py:20][INFO][进入登录函数]
[2019-01-28 17:45:30,357][MainThread:2624][task_id:db_read][db_file_read.py:11][INFO][打开数据库读取白户信息]
[2019-01-28 17:45:30,357][MainThread:2624][task_id:db_read][db_file_read.py:14][INFO][打开数据库读取白户信息已完成]
[2019-01-28 17:45:30,357][MainThread:2624][task_id:db_read][db_file_read.py:15][INFO][打开数据库读取黑户信息]
[2019-01-28 17:45:30,358][MainThread:2624][task_id:db_read][db_file_read.py:19][INFO][打开数据库读取黑户信息已完成]
[2019-01-28 17:45:30,358][MainThread:2624][task_id:db_read][db_file_read.py:20][INFO][进入登录函数]
[2019-01-28 17:46:33,739][MainThread:13380][task_id:db_read][db_file_read.py:11][INFO][打开数据库读取白户信息]
[2019-01-28 17:46:33,740][MainThread:13380][task_id:db_read][db_file_read.py:14][INFO][打开数据库读取白户信息已完成]
[2019-01-28 17:46:33,740][MainThread:13380][task_id:db_read][db_file_read.py:15][INFO][打开数据库读取黑户信息]
[2019-01-28 17:46:33,740][MainThread:13380][task_id:db_read][db_file_read.py:19][INFO][打开数据库读取黑户信息已完成]
[2019-01-28 17:46:33,741][MainThread:13380][task_id:db_read][db_file_read.py:20][INFO][进入登录函数]
[2019-01-28 17:46:52,240][MainThread:13216][task_id:db_read][db_file_read.py:11][INFO][打开数据库读取白户信息]
[2019-01-28 17:46:52,240][MainThread:13216][task_id:db_read][db_file_read.py:14][INFO][打开数据库读取白户信息已完成]
[2019-01-28 17:46:52,241][MainThread:13216][task_id:db_read][db_file_read.py:15][INFO][打开数据库读取黑户信息]
[2019-01-28 17:46:52,241][MainThread:13216][task_id:db_read][db_file_read.py:19][INFO][打开数据库读取黑户信息已完成]
[2019-01-28 17:46:52,241][MainThread:13216][task_id:db_read][db_file_read.py:20][INFO][进入登录函数]
[2019-01-28 17:48:28,792][MainThread:11740][task_id:db_read][db_file_read.py:11][INFO][打开数据库读取白户信息]
[2019-01-28 17:48:28,793][MainThread:11740][task_id:db_read][db_file_read.py:14][INFO][打开数据库读取白户信息已完成]
[2019-01-28 17:48:28,793][MainThread:11740][task_id:db_read][db_file_read.py:15][INFO][打开数据库读取黑户信息]
[2019-01-28 17:48:28,793][MainThread:11740][task_id:db_read][db_file_read.py:19][INFO][打开数据库读取黑户信息已完成]
[2019-01-28 17:48:28,794][MainThread:11740][task_id:db_read][db_file_read.py:20][INFO][进入登录函数]
[2019-01-28 17:48:35,789][MainThread:8444][task_id:db_read][db_file_read.py:11][INFO][打开数据库读取白户信息]
[2019-01-28 17:48:35,790][MainThread:8444][task_id:db_read][db_file_read.py:14][INFO][打开数据库读取白户信息已完成]
[2019-01-28 17:48:35,790][MainThread:8444][task_id:db_read][db_file_read.py:15][INFO][打开数据库读取黑户信息]
[2019-01-28 17:48:35,791][MainThread:8444][task_id:db_read][db_file_read.py:19][INFO][打开数据库读取黑户信息已完成]
[2019-01-28 17:48:35,791][MainThread:8444][task_id:db_read][db_file_read.py:20][INFO][进入登录函数]
[2019-01-28 17:50:23,035][MainThread:14188][task_id:db_read][db_file_read.py:11][INFO][打开数据库读取白户信息]
[2019-01-28 17:50:23,035][MainThread:14188][task_id:db_read][db_file_read.py:14][INFO][打开数据库读取白户信息已完成]
[2019-01-28 17:50:23,036][MainThread:14188][task_id:db_read][db_file_read.py:15][INFO][打开数据库读取黑户信息]
[2019-01-28 17:50:23,036][MainThread:14188][task_id:db_read][db_file_read.py:19][INFO][打开数据库读取黑户信息已完成]
[2019-01-28 17:50:23,036][MainThread:14188][task_id:db_read][db_file_read.py:20][INFO][进入登录函数]
[2019-03-20 20:02:21,738][MainThread:7708][task_id:db_read][db_file_read.py:11][INFO][打开数据库读取白户信息]
[2019-03-20 20:02:21,739][MainThread:7708][task_id:db_read][db_file_read.py:14][INFO][打开数据库读取白户信息已完成]
[2019-03-20 20:02:21,739][MainThread:7708][task_id:db_read][db_file_read.py:15][INFO][打开数据库读取黑户信息]
[2019-03-20 20:02:21,740][MainThread:7708][task_id:db_read][db_file_read.py:19][INFO][打开数据库读取黑户信息已完成]
[2019-03-20 20:02:21,740][MainThread:7708][task_id:db_read][db_file_read.py:20][INFO][进入登录函数]
[2019-03-21 16:22:54,998][MainThread:17672][task_id:db_read][db_file_read.py:11][INFO][打开数据库读取白户信息]
[2019-03-21 16:22:54,998][MainThread:17672][task_id:db_read][db_file_read.py:14][INFO][打开数据库读取白户信息已完成]
[2019-03-21 16:22:54,998][MainThread:17672][task_id:db_read][db_file_read.py:15][INFO][打开数据库读取黑户信息]
[2019-03-21 16:22:54,999][MainThread:17672][task_id:db_read][db_file_read.py:19][INFO][打开数据库读取黑户信息已完成]
[2019-03-21 16:22:54,999][MainThread:17672][task_id:db_read][db_file_read.py:20][INFO][进入登录函数]
[2019-03-21 16:23:28,218][MainThread:17064][task_id:db_read][db_file_read.py:11][INFO][打开数据库读取白户信息]
[2019-03-21 16:23:28,218][MainThread:17064][task_id:db_read][db_file_read.py:14][INFO][打开数据库读取白户信息已完成]
[2019-03-21 16:23:28,218][MainThread:17064][task_id:db_read][db_file_read.py:15][INFO][打开数据库读取黑户信息]
[2019-03-21 16:23:28,218][MainThread:17064][task_id:db_read][db_file_read.py:19][INFO][打开数据库读取黑户信息已完成]
[2019-03-21 16:23:28,218][MainThread:17064][task_id:db_read][db_file_read.py:20][INFO][进入登录函数]
