[2019-01-28 16:21:13,513][MainThread:13580][task_id:zhuce][zhuce.py:46][INFO][qwert注册成功]
[2019-01-28 16:23:54,982][MainThread:12104][task_id:zhuce][zhuce.py:49][ERROR][pear密码输入不一致]
[2019-01-28 16:24:06,519][MainThread:12104][task_id:zhuce][zhuce.py:49][ERROR][pear密码输入不一致]
[2019-01-28 16:27:28,333][MainThread:11960][task_id:zhuce][zhuce.py:46][INFO][weqrwr注册成功]
[2019-01-28 16:28:36,083][MainThread:15252][task_id:zhuce][zhuce.py:47][INFO][applewe注册成功]
[2019-01-28 16:29:41,117][MainThread:15252][task_id:zhuce][zhuce.py:47][INFO][sdafrsdafsd注册成功]
[2019-01-28 16:29:41,117][MainThread:15252][task_id:zhuce][zhuce.py:47][INFO][sdafrsdafsd注册成功]
[2019-01-28 16:30:24,285][MainThread:4952][task_id:zhuce][zhuce.py:47][INFO][sdafsdf注册成功]
[2019-01-28 16:33:56,415][MainThread:13236][task_id:zhuce][zhuce.py:47][INFO][saefasf注册成功]
[2019-01-28 17:41:22,872][MainThread:8712][task_id:zhuce][zhuce.py:46][INFO][tom注册成功]
[2019-01-28 17:42:06,765][MainThread:8712][task_id:zhuce][zhuce.py:46][INFO][qwe注册成功]
[2019-01-28 17:42:06,765][MainThread:8712][task_id:zhuce][zhuce.py:46][INFO][qwe注册成功]
[2019-01-28 17:42:46,374][MainThread:8712][task_id:zhuce][zhuce.py:46][INFO][tank注册成功]
[2019-01-28 17:42:46,374][MainThread:8712][task_id:zhuce][zhuce.py:46][INFO][tank注册成功]
[2019-01-28 17:42:46,374][MainThread:8712][task_id:zhuce][zhuce.py:46][INFO][tank注册成功]
[2019-01-28 17:45:47,718][MainThread:2624][task_id:zhuce][zhuce.py:46][INFO][asdasdas注册成功]
[2019-01-28 17:47:12,757][MainThread:13216][task_id:zhuce][zhuce.py:46][INFO][pppp注册成功]
[2019-01-28 17:48:48,822][MainThread:8444][task_id:zhuce][zhuce.py:46][INFO][www注册成功]
[2019-01-28 17:50:40,359][MainThread:14188][task_id:zhuce][zhuce.py:46][INFO][wer注册成功]
[2019-01-28 17:51:26,511][MainThread:14188][task_id:zhuce][zhuce.py:46][INFO][sss注册成功]
[2019-01-28 17:51:26,511][MainThread:14188][task_id:zhuce][zhuce.py:46][INFO][sss注册成功]
