[2019-01-28 16:44:51,526][MainThread:12944][task_id:cunkuan2][cunkuan.py:41][INFO][apple存入了10000]
[2019-01-28 16:45:29,376][MainThread:14092][task_id:cunkuan2][cunkuan.py:42][INFO][apple存入了100000]
[2019-01-28 16:49:35,048][MainThread:14716][task_id:qukuan2][qukuan.py:45][INFO][apple取款1000]
[2019-01-28 16:49:49,877][MainThread:14716][task_id:qukuan2][qukuan.py:45][INFO][apple取款10000]
[2019-01-28 16:49:49,877][MainThread:14716][task_id:qukuan2][qukuan.py:45][INFO][apple取款10000]
[2019-01-28 16:50:44,035][MainThread:14292][task_id:qukuan2][qukuan.py:45][INFO][apple取款10000]
[2019-01-28 16:58:36,630][MainThread:14108][task_id:jiesuan][payment.py:305][INFO][apple余额支付20000成功]
[2019-01-28 17:09:14,594][MainThread:15172][task_id:zhuanzhang2][zhuanzhang.py:59][INFO][apple给lili转了10000]
[2019-01-28 17:13:39,389][MainThread:3700][task_id:zhuanzhang2][zhuanzhang.py:70][INFO][apple给lili转了1000]
[2019-01-28 17:15:37,082][MainThread:14464][task_id:zhuanzhang2][zhuanzhang.py:70][INFO][apple给lili转了1000]
[2019-01-28 17:16:39,042][MainThread:14464][task_id:jiesuan][payment.py:228][INFO][apple组合支付32000成功]
[2019-01-28 17:20:44,403][MainThread:3800][task_id:jiesuan][payment.py:228][INFO][apple组合支付19000成功]
[2019-01-28 17:25:43,416][MainThread:15248][task_id:jiesuan][payment.py:228][INFO][apple组合支付29000成功]
[2019-01-28 17:27:39,848][MainThread:14348][task_id:jiesuan][payment.py:228][INFO][apple组合支付19000成功]
[2019-01-28 17:30:11,634][MainThread:13492][task_id:cunkuan2][cunkuan.py:42][INFO][apple存入了1000000000]
[2019-01-28 17:30:59,945][MainThread:13492][task_id:jiesuan][payment.py:228][INFO][apple组合支付19000成功]
[2019-01-28 17:30:59,945][MainThread:13492][task_id:jiesuan][payment.py:228][INFO][apple组合支付19000成功]
[2019-01-28 17:32:26,121][MainThread:14524][task_id:jiesuan][payment.py:412][INFO][apple组合支付10000成功]
[2019-01-28 17:36:34,334][MainThread:1648][task_id:xyk2][xyk.py:212][INFO][apple信用卡取现10000]
[2019-01-28 17:38:35,302][MainThread:364][task_id:xyk2][xyk.py:215][INFO][apple信用卡取现1000]
[2019-01-28 17:39:48,142][MainThread:10648][task_id:xyk2][xyk.py:110][INFO][apple还款11550成功]
[2019-01-28 17:40:10,408][MainThread:10648][task_id:xyk2][xyk.py:216][INFO][apple信用卡取现1000]
[2019-03-21 16:24:08,176][MainThread:17064][task_id:zhuanzhang2][zhuanzhang.py:70][INFO][apple给qq转了1000]
[2019-03-21 16:24:18,835][MainThread:17064][task_id:cunkuan2][cunkuan.py:42][INFO][apple存入了20000]
[2019-03-21 16:24:53,183][MainThread:17064][task_id:jiesuan][payment.py:314][INFO][apple余额支付20000成功]
[2019-03-21 16:25:08,949][MainThread:17064][task_id:xyk2][xyk.py:110][INFO][apple还款1076成功]
[2019-03-21 16:25:28,918][MainThread:17064][task_id:qukuan2][qukuan.py:45][INFO][apple取款2000]
