[2019-01-28 16:20:48,760][MainThread:13580][task_id:logger][user_logging.py:21][INFO][进入登录循环]
[2019-01-28 16:21:18,893][MainThread:13580][task_id:logger][user_logging.py:48][INFO][qwert登录成功]
[2019-01-28 16:23:32,251][MainThread:12104][task_id:logger][user_logging.py:21][INFO][进入登录循环]
[2019-01-28 16:24:17,220][MainThread:7196][task_id:logger][user_logging.py:21][INFO][进入登录循环]
[2019-01-28 16:26:31,923][MainThread:12992][task_id:logger][user_logging.py:21][INFO][进入登录循环]
[2019-01-28 16:26:58,047][MainThread:11960][task_id:logger][user_logging.py:21][INFO][进入登录循环]
[2019-01-28 16:27:31,844][MainThread:11960][task_id:logger][user_logging.py:48][INFO][weqrwr登录成功]
[2019-01-28 16:28:15,785][MainThread:15252][task_id:logger][user_logging.py:21][INFO][进入登录循环]
[2019-01-28 16:28:45,691][MainThread:15252][task_id:logger][user_logging.py:52][ERROR][applewe密码错误]
[2019-01-28 16:30:08,775][MainThread:4952][task_id:logger][user_logging.py:21][INFO][进入登录循环]
[2019-01-28 16:33:41,842][MainThread:13236][task_id:logger][user_logging.py:21][INFO][进入登录循环]
[2019-01-28 16:34:53,123][MainThread:1908][task_id:logger][user_logging.py:21][INFO][进入登录循环]
[2019-01-28 16:35:09,675][MainThread:1908][task_id:logger][user_logging.py:56][ERROR][apple密码错误]
[2019-01-28 16:35:18,850][MainThread:1908][task_id:logger][user_logging.py:56][ERROR][apple密码错误]
[2019-01-28 16:35:25,907][MainThread:1908][task_id:logger][user_logging.py:61][ERROR][apple登录锁定]
[2019-01-28 16:36:54,890][MainThread:6628][task_id:logger][user_logging.py:21][INFO][进入登录循环]
[2019-01-28 16:36:59,066][MainThread:6628][task_id:logger][user_logging.py:125][ERROR][apple登录之前就已锁定]
[2019-01-28 16:38:58,349][MainThread:8132][task_id:logger][user_logging.py:16][INFO][进入登录循环]
[2019-01-28 16:39:01,669][MainThread:8132][task_id:logger][user_logging.py:123][ERROR][apple登录之前就已锁定]
[2019-01-28 16:39:21,550][MainThread:14876][task_id:logger][user_logging.py:16][INFO][进入登录循环]
[2019-01-28 16:39:25,906][MainThread:14876][task_id:logger][user_logging.py:124][ERROR][apple登录之前就已锁定]
[2019-01-28 16:44:18,377][MainThread:3612][task_id:logger][user_logging.py:16][INFO][进入登录循环]
[2019-01-28 16:44:25,423][MainThread:3612][task_id:logger][user_logging.py:96][INFO][apple解锁成功]
[2019-01-28 16:44:31,608][MainThread:12944][task_id:logger][user_logging.py:16][INFO][进入登录循环]
[2019-01-28 16:44:38,405][MainThread:12944][task_id:logger][user_logging.py:50][INFO][apple登录成功]
[2019-01-28 16:45:12,606][MainThread:14092][task_id:logger][user_logging.py:16][INFO][进入登录循环]
[2019-01-28 16:45:19,146][MainThread:14092][task_id:logger][user_logging.py:50][INFO][apple登录成功]
[2019-01-28 16:49:07,043][MainThread:14716][task_id:logger][user_logging.py:16][INFO][进入登录循环]
[2019-01-28 16:49:13,585][MainThread:14716][task_id:logger][user_logging.py:50][INFO][apple登录成功]
[2019-01-28 16:50:28,061][MainThread:14292][task_id:logger][user_logging.py:16][INFO][进入登录循环]
[2019-01-28 16:50:35,425][MainThread:14292][task_id:logger][user_logging.py:50][INFO][apple登录成功]
[2019-01-28 16:54:20,313][MainThread:15052][task_id:logger][user_logging.py:16][INFO][进入登录循环]
[2019-01-28 16:54:27,954][MainThread:15052][task_id:logger][user_logging.py:50][INFO][apple登录成功]
[2019-01-28 16:57:14,819][MainThread:14108][task_id:logger][user_logging.py:16][INFO][进入登录循环]
[2019-01-28 16:57:20,625][MainThread:14108][task_id:logger][user_logging.py:50][INFO][apple登录成功]
[2019-01-28 17:04:24,438][MainThread:2208][task_id:logger][user_logging.py:16][INFO][进入登录循环]
[2019-01-28 17:04:41,520][MainThread:2208][task_id:logger][user_logging.py:50][INFO][apple登录成功]
[2019-01-28 17:06:22,811][MainThread:14040][task_id:logger][user_logging.py:16][INFO][进入登录循环]
[2019-01-28 17:06:35,407][MainThread:14040][task_id:logger][user_logging.py:52][INFO][apple登录成功]
[2019-01-28 17:06:58,561][MainThread:14168][task_id:logger][user_logging.py:16][INFO][进入登录循环]
[2019-01-28 17:07:05,026][MainThread:14168][task_id:logger][user_logging.py:52][INFO][apple登录成功]
[2019-01-28 17:08:13,093][MainThread:15224][task_id:logger][user_logging.py:16][INFO][进入登录循环]
[2019-01-28 17:08:19,138][MainThread:15224][task_id:logger][user_logging.py:52][INFO][apple登录成功]
[2019-01-28 17:08:38,956][MainThread:15172][task_id:logger][user_logging.py:16][INFO][进入登录循环]
[2019-01-28 17:08:45,512][MainThread:15172][task_id:logger][user_logging.py:52][INFO][apple登录成功]
[2019-01-28 17:13:16,244][MainThread:3700][task_id:logger][user_logging.py:16][INFO][进入登录循环]
[2019-01-28 17:13:22,231][MainThread:3700][task_id:logger][user_logging.py:52][INFO][apple登录成功]
[2019-01-28 17:14:45,220][MainThread:14464][task_id:logger][user_logging.py:16][INFO][进入登录循环]
[2019-01-28 17:14:51,496][MainThread:14464][task_id:logger][user_logging.py:52][INFO][apple登录成功]
[2019-01-28 17:19:49,759][MainThread:3800][task_id:logger][user_logging.py:16][INFO][进入登录循环]
[2019-01-28 17:19:54,527][MainThread:3800][task_id:logger][user_logging.py:56][ERROR][apple密码错误]
[2019-01-28 17:20:00,216][MainThread:3800][task_id:logger][user_logging.py:52][INFO][apple登录成功]
[2019-01-28 17:24:12,918][MainThread:15248][task_id:logger][user_logging.py:16][INFO][进入登录循环]
[2019-01-28 17:24:19,054][MainThread:15248][task_id:logger][user_logging.py:52][INFO][apple登录成功]
[2019-01-28 17:25:56,501][MainThread:14348][task_id:logger][user_logging.py:16][INFO][进入登录循环]
[2019-01-28 17:26:03,104][MainThread:14348][task_id:logger][user_logging.py:52][INFO][apple登录成功]
[2019-01-28 17:29:25,710][MainThread:13492][task_id:logger][user_logging.py:16][INFO][进入登录循环]
[2019-01-28 17:29:31,906][MainThread:13492][task_id:logger][user_logging.py:52][INFO][apple登录成功]
[2019-01-28 17:31:47,574][MainThread:14524][task_id:logger][user_logging.py:16][INFO][进入登录循环]
[2019-01-28 17:31:55,645][MainThread:14524][task_id:logger][user_logging.py:52][INFO][apple登录成功]
[2019-01-28 17:33:41,894][MainThread:9328][task_id:logger][user_logging.py:16][INFO][进入登录循环]
[2019-01-28 17:33:48,485][MainThread:9328][task_id:logger][user_logging.py:52][INFO][apple登录成功]
[2019-01-28 17:35:43,200][MainThread:1524][task_id:logger][user_logging.py:16][INFO][进入登录循环]
[2019-01-28 17:35:46,589][MainThread:1524][task_id:logger][user_logging.py:56][ERROR][apple密码错误]
[2019-01-28 17:35:53,214][MainThread:1524][task_id:logger][user_logging.py:52][INFO][apple登录成功]
[2019-01-28 17:36:12,345][MainThread:1648][task_id:logger][user_logging.py:16][INFO][进入登录循环]
[2019-01-28 17:36:19,364][MainThread:1648][task_id:logger][user_logging.py:52][INFO][apple登录成功]
[2019-01-28 17:38:13,676][MainThread:364][task_id:logger][user_logging.py:16][INFO][进入登录循环]
[2019-01-28 17:38:19,628][MainThread:364][task_id:logger][user_logging.py:52][INFO][apple登录成功]
[2019-01-28 17:39:12,766][MainThread:10648][task_id:logger][user_logging.py:16][INFO][进入登录循环]
[2019-01-28 17:39:21,686][MainThread:10648][task_id:logger][user_logging.py:52][INFO][apple登录成功]
[2019-01-28 17:40:34,923][MainThread:8712][task_id:logger][user_logging.py:16][INFO][进入登录循环]
[2019-01-28 17:40:46,157][MainThread:8712][task_id:logger][user_logging.py:56][ERROR][apple密码错误]
[2019-01-28 17:40:53,325][MainThread:8712][task_id:logger][user_logging.py:56][ERROR][apple密码错误]
[2019-01-28 17:41:01,845][MainThread:8712][task_id:logger][user_logging.py:62][ERROR][apple登录锁定]
[2019-01-28 17:41:32,590][MainThread:8712][task_id:logger][user_logging.py:62][ERROR][tom登录锁定]
[2019-01-28 17:41:41,382][MainThread:8712][task_id:logger][user_logging.py:126][ERROR][tom登录之前就已锁定]
[2019-01-28 17:42:25,558][MainThread:8712][task_id:logger][user_logging.py:62][ERROR][qwe登录锁定]
[2019-01-28 17:42:56,786][MainThread:8712][task_id:logger][user_logging.py:62][ERROR][tank登录锁定]
[2019-01-28 17:45:30,358][MainThread:2624][task_id:logger][user_logging.py:15][INFO][进入登录循环]
[2019-01-28 17:46:03,525][MainThread:2624][task_id:logger][user_logging.py:55][ERROR][asdasdas密码错误]
[2019-01-28 17:46:19,251][MainThread:2624][task_id:logger][user_logging.py:51][INFO][asdasdas登录成功]
[2019-01-28 17:46:33,741][MainThread:13380][task_id:logger][user_logging.py:15][INFO][进入登录循环]
[2019-01-28 17:46:43,787][MainThread:13380][task_id:logger][user_logging.py:103][ERROR][apple密码错误]
[2019-01-28 17:46:52,242][MainThread:13216][task_id:logger][user_logging.py:15][INFO][进入登录循环]
[2019-01-28 17:47:20,342][MainThread:13216][task_id:logger][user_logging.py:55][ERROR][pppp密码错误]
[2019-01-28 17:47:27,293][MainThread:13216][task_id:logger][user_logging.py:55][ERROR][pppp密码错误]
[2019-01-28 17:47:32,643][MainThread:13216][task_id:logger][user_logging.py:55][ERROR][pppp密码错误]
[2019-01-28 17:47:46,155][MainThread:13216][task_id:logger][user_logging.py:55][ERROR][pppp密码错误]
[2019-01-28 17:47:58,923][MainThread:13216][task_id:logger][user_logging.py:55][ERROR][pppp密码错误]
[2019-01-28 17:48:28,794][MainThread:11740][task_id:logger][user_logging.py:15][INFO][进入登录循环]
[2019-01-28 17:48:35,792][MainThread:8444][task_id:logger][user_logging.py:15][INFO][进入登录循环]
[2019-01-28 17:48:53,885][MainThread:8444][task_id:logger][user_logging.py:56][ERROR][www密码错误]
[2019-01-28 17:48:59,067][MainThread:8444][task_id:logger][user_logging.py:56][ERROR][www密码错误]
[2019-01-28 17:49:03,605][MainThread:8444][task_id:logger][user_logging.py:56][ERROR][www密码错误]
[2019-01-28 17:50:23,037][MainThread:14188][task_id:logger][user_logging.py:15][INFO][进入登录循环]
[2019-01-28 17:50:48,011][MainThread:14188][task_id:logger][user_logging.py:57][ERROR][wer密码错误]
[2019-01-28 17:50:53,139][MainThread:14188][task_id:logger][user_logging.py:57][ERROR][wer密码错误]
[2019-01-28 17:51:00,949][MainThread:14188][task_id:logger][user_logging.py:63][ERROR][wer登录锁定]
[2019-01-28 17:51:06,917][MainThread:14188][task_id:logger][user_logging.py:127][ERROR][wer登录之前就已锁定]
[2019-01-28 17:51:34,293][MainThread:14188][task_id:logger][user_logging.py:53][INFO][sss登录成功]
[2019-01-28 17:51:42,740][MainThread:14188][task_id:logger][user_logging.py:57][ERROR][sss密码错误]
[2019-01-28 17:51:47,699][MainThread:14188][task_id:logger][user_logging.py:57][ERROR][sss密码错误]
[2019-01-28 17:51:53,918][MainThread:14188][task_id:logger][user_logging.py:63][ERROR][sss登录锁定]
[2019-03-20 20:02:21,741][MainThread:7708][task_id:logger][user_logging.py:15][INFO][进入登录循环]
[2019-03-21 16:22:54,999][MainThread:17672][task_id:logger][user_logging.py:15][INFO][进入登录循环]
[2019-03-21 16:23:06,176][MainThread:17672][task_id:logger][user_logging.py:99][INFO][apple解锁成功]
[2019-03-21 16:23:28,219][MainThread:17064][task_id:logger][user_logging.py:15][INFO][进入登录循环]
[2019-03-21 16:23:37,788][MainThread:17064][task_id:logger][user_logging.py:53][INFO][apple登录成功]
