[2019-01-28 16:54:50,770][MainThread:15052][task_id:payment][payment.py:236][INFO][apple购物车上品种为1]
[2019-01-28 16:57:41,514][MainThread:14108][task_id:payment][payment.py:238][INFO][apple购物车上品种为1]
[2019-01-28 16:58:36,630][MainThread:14108][task_id:payment][payment.py:304][INFO][apple余额支付20000成功]
[2019-01-28 17:16:01,928][MainThread:14464][task_id:payment][payment.py:20][INFO][apple购物车商品是两种]
[2019-01-28 17:16:39,042][MainThread:14464][task_id:payment][payment.py:227][INFO][apple组合支付32000成功]
[2019-01-28 17:20:14,530][MainThread:3800][task_id:payment][payment.py:20][INFO][apple购物车商品是两种]
[2019-01-28 17:20:44,403][MainThread:3800][task_id:payment][payment.py:227][INFO][apple组合支付19000成功]
[2019-01-28 17:24:40,519][MainThread:15248][task_id:payment][payment.py:20][INFO][apple购物车商品是两种]
[2019-01-28 17:25:11,630][MainThread:15248][task_id:payment][payment.py:199][ERROR][apple信用卡和余额组合不足以支付]
[2019-01-28 17:25:43,416][MainThread:15248][task_id:payment][payment.py:227][INFO][apple组合支付29000成功]
[2019-01-28 17:26:20,487][MainThread:14348][task_id:payment][payment.py:20][INFO][apple购物车商品是两种]
[2019-01-28 17:26:38,222][MainThread:14348][task_id:payment][payment.py:199][ERROR][apple信用卡和余额组合不足以支付]
[2019-01-28 17:26:51,629][MainThread:14348][task_id:payment][payment.py:199][ERROR][apple信用卡和余额组合不足以支付]
[2019-01-28 17:27:22,545][MainThread:14348][task_id:payment][payment.py:199][ERROR][apple信用卡和余额组合不足以支付]
[2019-01-28 17:27:39,848][MainThread:14348][task_id:payment][payment.py:227][INFO][apple组合支付19000成功]
[2019-01-28 17:29:45,519][MainThread:13492][task_id:payment][payment.py:20][INFO][apple购物车商品是两种]
[2019-01-28 17:29:45,519][MainThread:13492][task_id:payment][payment.py:42][ERROR][apple信用卡和余额不足以支付]
[2019-01-28 17:30:26,614][MainThread:13492][task_id:payment][payment.py:20][INFO][apple购物车商品是两种]
[2019-01-28 17:30:26,614][MainThread:13492][task_id:payment][payment.py:20][INFO][apple购物车商品是两种]
[2019-01-28 17:30:42,559][MainThread:13492][task_id:payment][payment.py:199][ERROR][apple信用卡和余额组合不足以支付]
[2019-01-28 17:30:42,559][MainThread:13492][task_id:payment][payment.py:199][ERROR][apple信用卡和余额组合不足以支付]
[2019-01-28 17:30:59,945][MainThread:13492][task_id:payment][payment.py:227][INFO][apple组合支付19000成功]
[2019-01-28 17:30:59,945][MainThread:13492][task_id:payment][payment.py:227][INFO][apple组合支付19000成功]
[2019-01-28 17:31:11,671][MainThread:13492][task_id:payment][payment.py:20][INFO][apple购物车商品是两种]
[2019-01-28 17:31:11,671][MainThread:13492][task_id:payment][payment.py:20][INFO][apple购物车商品是两种]
[2019-01-28 17:31:11,671][MainThread:13492][task_id:payment][payment.py:20][INFO][apple购物车商品是两种]
[2019-01-28 17:31:29,463][MainThread:13492][task_id:payment][payment.py:199][ERROR][apple信用卡和余额组合不足以支付]
[2019-01-28 17:31:29,463][MainThread:13492][task_id:payment][payment.py:199][ERROR][apple信用卡和余额组合不足以支付]
[2019-01-28 17:31:29,463][MainThread:13492][task_id:payment][payment.py:199][ERROR][apple信用卡和余额组合不足以支付]
[2019-01-28 17:32:09,286][MainThread:14524][task_id:payment][payment.py:244][INFO][apple购物车上品种为1]
[2019-01-28 17:32:26,121][MainThread:14524][task_id:payment][payment.py:411][INFO][apple组合支付10000成功]
[2019-01-28 17:32:45,318][MainThread:14524][task_id:payment][payment.py:244][INFO][apple购物车上品种为1]
[2019-01-28 17:32:45,318][MainThread:14524][task_id:payment][payment.py:244][INFO][apple购物车上品种为1]
[2019-03-21 16:24:34,278][MainThread:17064][task_id:payment][payment.py:244][INFO][apple购物车上品种为1]
[2019-03-21 16:24:40,362][MainThread:17064][task_id:payment][payment.py:329][ERROR][apple信用卡余额支付不足]
[2019-03-21 16:24:53,183][MainThread:17064][task_id:payment][payment.py:313][INFO][apple余额支付20000成功]
