[2019-01-28 16:54:42,139][MainThread:15052][task_id:shop_car][shop_car.py:31][INFO][apple购买了iphone xs max1个]
[2019-01-28 16:54:50,769][MainThread:15052][task_id:shop_car][shop_car.py:44][INFO][apple开始结算]
[2019-01-28 16:57:36,185][MainThread:14108][task_id:shop_car][shop_car.py:31][INFO][apple购买了iphone xs max2个]
[2019-01-28 16:57:41,513][MainThread:14108][task_id:shop_car][shop_car.py:44][INFO][apple开始结算]
[2019-01-28 17:15:50,705][MainThread:14464][task_id:shop_car][shop_car.py:31][INFO][apple购买了iphone xs max2个]
[2019-01-28 17:15:58,831][MainThread:14464][task_id:shop_car][shop_car.py:37][INFO][apple购买了iphone x2个]
[2019-01-28 17:16:01,927][MainThread:14464][task_id:shop_car][shop_car.py:44][INFO][apple开始结算]
[2019-01-28 17:20:07,590][MainThread:3800][task_id:shop_car][shop_car.py:31][INFO][apple购买了iphone xs max1个]
[2019-01-28 17:20:12,199][MainThread:3800][task_id:shop_car][shop_car.py:34][INFO][apple购买了iphone xr1个]
[2019-01-28 17:20:14,529][MainThread:3800][task_id:shop_car][shop_car.py:44][INFO][apple开始结算]
[2019-01-28 17:24:32,222][MainThread:15248][task_id:shop_car][shop_car.py:31][INFO][apple购买了iphone xs max2个]
[2019-01-28 17:24:36,999][MainThread:15248][task_id:shop_car][shop_car.py:34][INFO][apple购买了iphone xr1个]
[2019-01-28 17:24:40,518][MainThread:15248][task_id:shop_car][shop_car.py:44][INFO][apple开始结算]
[2019-01-28 17:26:13,486][MainThread:14348][task_id:shop_car][shop_car.py:31][INFO][apple购买了iphone xs max1个]
[2019-01-28 17:26:17,392][MainThread:14348][task_id:shop_car][shop_car.py:34][INFO][apple购买了iphone xr1个]
[2019-01-28 17:26:20,486][MainThread:14348][task_id:shop_car][shop_car.py:44][INFO][apple开始结算]
[2019-01-28 17:29:38,686][MainThread:13492][task_id:shop_car][shop_car.py:31][INFO][apple购买了iphone xs max1个]
[2019-01-28 17:29:42,517][MainThread:13492][task_id:shop_car][shop_car.py:34][INFO][apple购买了iphone xr1个]
[2019-01-28 17:29:45,518][MainThread:13492][task_id:shop_car][shop_car.py:44][INFO][apple开始结算]
[2019-01-28 17:29:52,253][MainThread:13492][task_id:shop_car][shop_car.py:47][INFO][apple退出]
[2019-01-28 17:30:20,110][MainThread:13492][task_id:shop_car][shop_car.py:31][INFO][apple购买了iphone xs max1个]
[2019-01-28 17:30:20,110][MainThread:13492][task_id:shop_car][shop_car.py:31][INFO][apple购买了iphone xs max1个]
[2019-01-28 17:30:23,726][MainThread:13492][task_id:shop_car][shop_car.py:34][INFO][apple购买了iphone xr1个]
[2019-01-28 17:30:23,726][MainThread:13492][task_id:shop_car][shop_car.py:34][INFO][apple购买了iphone xr1个]
[2019-01-28 17:30:26,613][MainThread:13492][task_id:shop_car][shop_car.py:44][INFO][apple开始结算]
[2019-01-28 17:30:26,613][MainThread:13492][task_id:shop_car][shop_car.py:44][INFO][apple开始结算]
[2019-01-28 17:31:08,317][MainThread:13492][task_id:shop_car][shop_car.py:31][INFO][apple购买了iphone xs max1个]
[2019-01-28 17:31:08,317][MainThread:13492][task_id:shop_car][shop_car.py:31][INFO][apple购买了iphone xs max1个]
[2019-01-28 17:31:11,670][MainThread:13492][task_id:shop_car][shop_car.py:44][INFO][apple开始结算]
[2019-01-28 17:31:11,670][MainThread:13492][task_id:shop_car][shop_car.py:44][INFO][apple开始结算]
[2019-01-28 17:32:06,117][MainThread:14524][task_id:shop_car][shop_car.py:31][INFO][apple购买了iphone xs max1个]
[2019-01-28 17:32:09,285][MainThread:14524][task_id:shop_car][shop_car.py:44][INFO][apple开始结算]
[2019-01-28 17:32:35,381][MainThread:14524][task_id:shop_car][shop_car.py:31][INFO][apple购买了iphone xs max1个]
[2019-01-28 17:32:41,950][MainThread:14524][task_id:shop_car][shop_car.py:31][INFO][apple购买了iphone xs max1个]
[2019-01-28 17:32:45,317][MainThread:14524][task_id:shop_car][shop_car.py:44][INFO][apple开始结算]
[2019-03-21 16:24:29,965][MainThread:17064][task_id:shop_car][shop_car.py:31][INFO][apple购买了iphone xs max2个]
[2019-03-21 16:24:34,277][MainThread:17064][task_id:shop_car][shop_car.py:44][INFO][apple开始结算]
[2019-03-21 16:24:57,363][MainThread:17064][task_id:shop_car][shop_car.py:47][INFO][apple退出]
