[2019-01-28 16:21:21,030][MainThread:13580][task_id:choice][xuanze.py:34][INFO][qwert选择了<function chaxun at 0x000001C6FF7B4158>]
[2019-01-28 16:27:33,180][MainThread:11960][task_id:choice][xuanze.py:34][INFO][weqrwr选择了<function chaxun at 0x000001510ED84158>]
[2019-01-28 16:44:51,526][MainThread:12944][task_id:choice][xuanze.py:34][INFO][apple选择了<function cunkuan at 0x000002345A5942F0>]
[2019-01-28 16:45:29,376][MainThread:14092][task_id:choice][xuanze.py:34][INFO][apple选择了<function cunkuan at 0x0000025CD2F442F0>]
[2019-01-28 16:49:35,048][MainThread:14716][task_id:choice][xuanze.py:34][INFO][apple选择了<function qukuan at 0x000002A4E4B84268>]
[2019-01-28 16:49:49,877][MainThread:14716][task_id:choice][xuanze.py:34][INFO][apple选择了<function qukuan at 0x000002A4E4B84268>]
[2019-01-28 16:50:44,035][MainThread:14292][task_id:choice][xuanze.py:34][INFO][apple选择了<function qukuan at 0x0000021159A44268>]
[2019-01-28 17:07:06,888][MainThread:14168][task_id:choice][xuanze.py:36][INFO][apple选择了<function chaxun at 0x0000021A11C54158>]
[2019-01-28 17:08:22,842][MainThread:15224][task_id:choice][xuanze.py:36][INFO][apple选择了<function chaxun at 0x00000142D5D94158>]
[2019-01-28 17:08:50,811][MainThread:15172][task_id:choice][xuanze.py:36][INFO][apple选择了<function chaxun at 0x000001D475764158>]
[2019-01-28 17:09:14,594][MainThread:15172][task_id:choice][xuanze.py:36][INFO][apple选择了<function zhuanzhang at 0x000001D4757641E0>]
[2019-01-28 17:13:39,389][MainThread:3700][task_id:choice][xuanze.py:36][INFO][apple选择了<function zhuanzhang at 0x0000019221E241E0>]
[2019-01-28 17:15:37,082][MainThread:14464][task_id:choice][xuanze.py:36][INFO][apple选择了<function zhuanzhang at 0x000001FF9C3441E0>]
[2019-01-28 17:24:24,218][MainThread:15248][task_id:choice][xuanze.py:36][INFO][apple选择了<function chaxun at 0x0000019D75E44158>]
[2019-01-28 17:29:52,253][MainThread:13492][task_id:choice][xuanze.py:36][INFO][apple选择了<function shopcar at 0x0000023847D04400>]
[2019-01-28 17:29:57,576][MainThread:13492][task_id:choice][xuanze.py:36][INFO][apple选择了<function chaxun at 0x0000023847D04158>]
[2019-01-28 17:30:11,634][MainThread:13492][task_id:choice][xuanze.py:36][INFO][apple选择了<function cunkuan at 0x0000023847D042F0>]
[2019-01-28 17:36:34,335][MainThread:1648][task_id:choice][xuanze.py:36][INFO][apple选择了<function xyk_ye1 at 0x000002D9CF384510>]
[2019-01-28 17:38:35,303][MainThread:364][task_id:choice][xuanze.py:36][INFO][apple选择了<function xyk_ye1 at 0x000001877F294510>]
[2019-01-28 17:39:35,860][MainThread:10648][task_id:choice][xuanze.py:36][INFO][apple选择了<function xyk_ye1 at 0x00000205B6B14510>]
[2019-01-28 17:39:48,142][MainThread:10648][task_id:choice][xuanze.py:36][INFO][apple选择了<function xyk_ye1 at 0x00000205B6B14510>]
[2019-01-28 17:39:56,126][MainThread:10648][task_id:choice][xuanze.py:36][INFO][apple选择了<function chaxun at 0x00000205B6B14158>]
[2019-01-28 17:40:10,408][MainThread:10648][task_id:choice][xuanze.py:36][INFO][apple选择了<function xyk_ye1 at 0x00000205B6B14510>]
[2019-01-28 17:46:24,832][MainThread:2624][task_id:choice][xuanze.py:36][INFO][asdasdas选择了<function chaxun at 0x00000211710B2158>]
[2019-01-28 17:51:37,938][MainThread:14188][task_id:choice][xuanze.py:38][INFO][sss选择了退出]
[2019-03-21 16:23:43,705][MainThread:17064][task_id:choice][xuanze.py:36][INFO][apple选择了<function chaxun at 0x000001F1BD874840>]
[2019-03-21 16:24:08,177][MainThread:17064][task_id:choice][xuanze.py:36][INFO][apple选择了<function zhuanzhang at 0x000001F1BD8748C8>]
[2019-03-21 16:24:18,836][MainThread:17064][task_id:choice][xuanze.py:36][INFO][apple选择了<function cunkuan at 0x000001F1BD8749D8>]
[2019-03-21 16:24:57,363][MainThread:17064][task_id:choice][xuanze.py:36][INFO][apple选择了<function shopcar at 0x000001F1BD874A60>]
[2019-03-21 16:25:08,950][MainThread:17064][task_id:choice][xuanze.py:36][INFO][apple选择了<function xyk_ye1 at 0x000001F1BD874C80>]
[2019-03-21 16:25:17,083][MainThread:17064][task_id:choice][xuanze.py:36][INFO][apple选择了<function xyk_ye1 at 0x000001F1BD874C80>]
[2019-03-21 16:25:28,918][MainThread:17064][task_id:choice][xuanze.py:36][INFO][apple选择了<function qukuan at 0x000001F1BD874950>]
[2019-03-21 16:25:31,243][MainThread:17064][task_id:choice][xuanze.py:38][INFO][apple选择了退出]
