WARNING 2019-04-01 22:23:49,584 log 228 Not Found: //mobiles/18516952650/count/
WARNING 2019-04-01 22:23:49,585 basehttp 154 "GET //mobiles/18516952650/count/ HTTP/1.1" 404 2126
WARNING 2019-04-01 22:24:11,645 log 228 Not Found: /
WARNING 2019-04-01 22:24:11,645 basehttp 154 "GET / HTTP/1.1" 404 2027
WARNING 2019-04-01 22:24:11,718 log 228 Not Found: /favicon.ico
WARNING 2019-04-01 22:24:11,719 basehttp 154 "GET /favicon.ico HTTP/1.1" 404 2078
WARNING 2019-04-01 22:24:20,887 log 228 Not Found: //mobiles/18516952650/count/
WARNING 2019-04-01 22:24:20,890 log 228 Not Found: //sms_codes/18516952650/
WARNING 2019-04-01 22:24:20,891 basehttp 154 "GET //mobiles/18516952650/count/ HTTP/1.1" 404 2126
WARNING 2019-04-01 22:24:20,892 basehttp 154 "GET //sms_codes/18516952650/ HTTP/1.1" 404 2114
WARNING 2019-04-01 22:24:22,961 log 228 Not Found: /
WARNING 2019-04-01 22:24:22,961 basehttp 154 "GET / HTTP/1.1" 404 2027
WARNING 2019-04-01 22:24:23,739 log 228 Not Found: /
WARNING 2019-04-01 22:24:23,740 basehttp 154 "GET / HTTP/1.1" 404 2027
WARNING 2019-04-01 22:24:23,945 log 228 Not Found: /
WARNING 2019-04-01 22:24:23,946 basehttp 154 "GET / HTTP/1.1" 404 2027
WARNING 2019-04-01 22:24:24,120 log 228 Not Found: /
WARNING 2019-04-01 22:24:24,120 basehttp 154 "GET / HTTP/1.1" 404 2027
WARNING 2019-04-01 22:24:24,284 log 228 Not Found: /
WARNING 2019-04-01 22:24:24,285 basehttp 154 "GET / HTTP/1.1" 404 2027
WARNING 2019-04-01 22:26:42,649 log 228 Not Found: //mobiles/18516952650/count/
WARNING 2019-04-01 22:26:42,650 basehttp 154 "GET //mobiles/18516952650/count/ HTTP/1.1" 404 2215
WARNING 2019-04-01 22:26:43,491 log 228 Not Found: /
WARNING 2019-04-01 22:26:43,492 basehttp 154 "GET / HTTP/1.1" 404 2116
WARNING 2019-04-01 22:26:56,341 log 228 Not Found: //mobiles/18516952650/count/
WARNING 2019-04-01 22:26:56,341 basehttp 154 "GET //mobiles/18516952650/count/ HTTP/1.1" 404 2215
WARNING 2019-04-01 22:28:03,636 log 228 Not Found: /sms_codes//mobiles/18516952650/count/
WARNING 2019-04-01 22:28:03,638 basehttp 154 "GET /sms_codes//mobiles/18516952650/count/ HTTP/1.1" 404 2245
WARNING 2019-04-01 22:28:04,834 log 228 Not Found: /
WARNING 2019-04-01 22:28:04,834 basehttp 154 "GET / HTTP/1.1" 404 2116
WARNING 2019-04-01 22:28:05,696 log 228 Not Found: /
WARNING 2019-04-01 22:28:05,697 basehttp 154 "GET / HTTP/1.1" 404 2116
WARNING 2019-04-01 22:28:05,883 log 228 Not Found: /
WARNING 2019-04-01 22:28:05,883 basehttp 154 "GET / HTTP/1.1" 404 2116
WARNING 2019-04-01 22:28:06,056 log 228 Not Found: /
WARNING 2019-04-01 22:28:06,057 basehttp 154 "GET / HTTP/1.1" 404 2116
WARNING 2019-04-01 22:28:07,295 log 228 Not Found: /sms_codes//mobiles/18516952650/count/
WARNING 2019-04-01 22:28:07,296 basehttp 154 "GET /sms_codes//mobiles/18516952650/count/ HTTP/1.1" 404 2245
WARNING 2019-04-01 22:28:07,401 log 228 Not Found: /sms_codes//mobiles/18516952650/count/
WARNING 2019-04-01 22:28:07,404 log 228 Not Found: /sms_codes//sms_codes/18516952650/
WARNING 2019-04-01 22:28:07,405 basehttp 154 "GET /sms_codes//mobiles/18516952650/count/ HTTP/1.1" 404 2245
WARNING 2019-04-01 22:28:07,405 basehttp 154 "GET /sms_codes//sms_codes/18516952650/ HTTP/1.1" 404 2233
WARNING 2019-04-01 22:28:09,566 log 228 Not Found: /
WARNING 2019-04-01 22:28:09,567 basehttp 154 "GET / HTTP/1.1" 404 2116
WARNING 2019-04-01 22:28:09,793 log 228 Not Found: /
WARNING 2019-04-01 22:28:09,794 basehttp 154 "GET / HTTP/1.1" 404 2116
WARNING 2019-04-01 22:28:09,993 log 228 Not Found: /
WARNING 2019-04-01 22:28:09,994 basehttp 154 "GET / HTTP/1.1" 404 2116
WARNING 2019-04-01 22:28:10,179 log 228 Not Found: /
WARNING 2019-04-01 22:28:10,180 basehttp 154 "GET / HTTP/1.1" 404 2116
WARNING 2019-04-01 22:28:10,369 log 228 Not Found: /
WARNING 2019-04-01 22:28:10,370 basehttp 154 "GET / HTTP/1.1" 404 2116
WARNING 2019-04-01 22:28:10,543 log 228 Not Found: /
WARNING 2019-04-01 22:28:10,544 basehttp 154 "GET / HTTP/1.1" 404 2116
WARNING 2019-04-01 22:35:54,183 log 228 Not Found: /sms_codes//mobiles/18516952650/count/
WARNING 2019-04-01 22:35:54,184 basehttp 154 "GET /sms_codes//mobiles/18516952650/count/ HTTP/1.1" 404 2245
WARNING 2019-04-01 22:35:56,267 log 228 Not Found: /sms_codes//mobiles/18516952650/count/
WARNING 2019-04-01 22:35:56,268 basehttp 154 "GET /sms_codes//mobiles/18516952650/count/ HTTP/1.1" 404 2245
WARNING 2019-04-01 22:35:57,339 log 228 Not Found: /
WARNING 2019-04-01 22:35:57,340 basehttp 154 "GET / HTTP/1.1" 404 2116
WARNING 2019-04-01 22:35:58,128 log 228 Not Found: /
WARNING 2019-04-01 22:35:58,129 basehttp 154 "GET / HTTP/1.1" 404 2116
WARNING 2019-04-01 22:35:58,321 log 228 Not Found: /
WARNING 2019-04-01 22:35:58,321 basehttp 154 "GET / HTTP/1.1" 404 2116
WARNING 2019-04-01 22:35:58,510 log 228 Not Found: /
WARNING 2019-04-01 22:35:58,511 basehttp 154 "GET / HTTP/1.1" 404 2116
WARNING 2019-04-01 22:35:58,699 log 228 Not Found: /
WARNING 2019-04-01 22:35:58,700 basehttp 154 "GET / HTTP/1.1" 404 2116
WARNING 2019-04-01 22:35:58,885 log 228 Not Found: /
WARNING 2019-04-01 22:35:58,886 basehttp 154 "GET / HTTP/1.1" 404 2116
WARNING 2019-04-01 22:35:59,070 log 228 Not Found: /
WARNING 2019-04-01 22:35:59,070 basehttp 154 "GET / HTTP/1.1" 404 2116
WARNING 2019-04-01 22:35:59,254 log 228 Not Found: /
WARNING 2019-04-01 22:35:59,254 basehttp 154 "GET / HTTP/1.1" 404 2116
WARNING 2019-04-01 22:35:59,457 log 228 Not Found: /
WARNING 2019-04-01 22:35:59,457 basehttp 154 "GET / HTTP/1.1" 404 2116
WARNING 2019-04-01 22:35:59,635 log 228 Not Found: /
WARNING 2019-04-01 22:35:59,636 basehttp 154 "GET / HTTP/1.1" 404 2116
WARNING 2019-04-01 22:35:59,823 log 228 Not Found: /
WARNING 2019-04-01 22:35:59,823 basehttp 154 "GET / HTTP/1.1" 404 2116
WARNING 2019-04-01 22:36:00,003 log 228 Not Found: /
WARNING 2019-04-01 22:36:00,012 basehttp 154 "GET / HTTP/1.1" 404 2116
WARNING 2019-04-01 22:36:32,356 log 228 Not Found: /sms_codes/
WARNING 2019-04-01 22:36:32,357 basehttp 154 "GET /sms_codes/ HTTP/1.1" 404 2164
WARNING 2019-04-01 22:36:34,494 log 228 Not Found: /sms_codes/
WARNING 2019-04-01 22:36:34,495 basehttp 154 "GET /sms_codes/ HTTP/1.1" 404 2164
WARNING 2019-04-01 22:36:34,865 log 228 Not Found: /sms_codes/
WARNING 2019-04-01 22:36:34,865 basehttp 154 "GET /sms_codes/ HTTP/1.1" 404 2164
WARNING 2019-04-01 22:36:35,068 log 228 Not Found: /sms_codes/
WARNING 2019-04-01 22:36:35,069 basehttp 154 "GET /sms_codes/ HTTP/1.1" 404 2164
WARNING 2019-04-01 22:36:35,270 log 228 Not Found: /sms_codes/
WARNING 2019-04-01 22:36:35,271 basehttp 154 "GET /sms_codes/ HTTP/1.1" 404 2164
WARNING 2019-04-01 22:36:35,473 log 228 Not Found: /sms_codes/
WARNING 2019-04-01 22:36:35,473 basehttp 154 "GET /sms_codes/ HTTP/1.1" 404 2164
WARNING 2019-04-01 22:36:35,666 log 228 Not Found: /sms_codes/
WARNING 2019-04-01 22:36:35,667 basehttp 154 "GET /sms_codes/ HTTP/1.1" 404 2164
WARNING 2019-04-01 22:36:35,862 log 228 Not Found: /sms_codes/
WARNING 2019-04-01 22:36:35,863 basehttp 154 "GET /sms_codes/ HTTP/1.1" 404 2164
WARNING 2019-04-01 22:36:36,040 log 228 Not Found: /sms_codes/
WARNING 2019-04-01 22:36:36,041 basehttp 154 "GET /sms_codes/ HTTP/1.1" 404 2164
WARNING 2019-04-01 22:36:41,233 log 228 Not Found: /sms_codes/mobiles
WARNING 2019-04-01 22:36:41,234 basehttp 154 "GET /sms_codes/mobiles HTTP/1.1" 404 2185
WARNING 2019-04-01 22:37:10,201 log 228 Not Found: /sms_codes/mobiles/
WARNING 2019-04-01 22:37:10,201 basehttp 154 "GET /sms_codes/mobiles/ HTTP/1.1" 404 2188
WARNING 2019-04-01 22:41:48,919 log 228 Not Found: /sms_codes/mobiles/
WARNING 2019-04-01 22:41:48,920 basehttp 154 "GET /sms_codes/mobiles/ HTTP/1.1" 404 2188
WARNING 2019-04-01 22:41:52,639 log 228 Not Found: /sms_codes
WARNING 2019-04-01 22:41:52,639 basehttp 154 "GET /sms_codes HTTP/1.1" 404 2161
WARNING 2019-04-01 22:42:10,268 log 228 Not Found: //mobiles/18516952650/count/
WARNING 2019-04-01 22:42:10,268 basehttp 154 "GET //mobiles/18516952650/count/ HTTP/1.1" 404 2215
WARNING 2019-04-01 22:42:10,883 log 228 Not Found: //mobiles/18516952650/count/
WARNING 2019-04-01 22:42:10,888 log 228 Not Found: //sms_codes/18516952650/
WARNING 2019-04-01 22:42:10,888 basehttp 154 "GET //mobiles/18516952650/count/ HTTP/1.1" 404 2215
WARNING 2019-04-01 22:42:10,889 basehttp 154 "GET //sms_codes/18516952650/ HTTP/1.1" 404 2203
WARNING 2019-04-01 22:42:13,441 log 228 Not Found: /sms_codes
WARNING 2019-04-01 22:42:13,441 basehttp 154 "GET /sms_codes HTTP/1.1" 404 2161
WARNING 2019-04-01 22:42:13,969 log 228 Not Found: /sms_codes
WARNING 2019-04-01 22:42:13,970 basehttp 154 "GET /sms_codes HTTP/1.1" 404 2161
WARNING 2019-04-01 22:42:14,163 log 228 Not Found: /sms_codes
WARNING 2019-04-01 22:42:14,163 basehttp 154 "GET /sms_codes HTTP/1.1" 404 2161
WARNING 2019-04-01 22:42:14,347 log 228 Not Found: /sms_codes
WARNING 2019-04-01 22:42:14,348 basehttp 154 "GET /sms_codes HTTP/1.1" 404 2161
WARNING 2019-04-01 22:42:14,518 log 228 Not Found: /sms_codes
WARNING 2019-04-01 22:42:14,518 basehttp 154 "GET /sms_codes HTTP/1.1" 404 2161
WARNING 2019-04-01 22:42:14,685 log 228 Not Found: /sms_codes
WARNING 2019-04-01 22:42:14,686 basehttp 154 "GET /sms_codes HTTP/1.1" 404 2161
WARNING 2019-04-01 22:42:14,859 log 228 Not Found: /sms_codes
WARNING 2019-04-01 22:42:14,860 basehttp 154 "GET /sms_codes HTTP/1.1" 404 2161
WARNING 2019-04-01 22:42:17,288 log 228 Not Found: /sms_codes/
WARNING 2019-04-01 22:42:17,289 basehttp 154 "GET /sms_codes/ HTTP/1.1" 404 2164
WARNING 2019-04-01 22:42:18,968 log 228 Not Found: /sms_codes/
WARNING 2019-04-01 22:42:18,968 basehttp 154 "GET /sms_codes/ HTTP/1.1" 404 2164
WARNING 2019-04-01 22:42:19,166 log 228 Not Found: /sms_codes/
WARNING 2019-04-01 22:42:19,167 basehttp 154 "GET /sms_codes/ HTTP/1.1" 404 2164
WARNING 2019-04-01 22:42:19,335 log 228 Not Found: /sms_codes/
WARNING 2019-04-01 22:42:19,335 basehttp 154 "GET /sms_codes/ HTTP/1.1" 404 2164
WARNING 2019-04-01 22:42:21,438 log 228 Not Found: /
WARNING 2019-04-01 22:42:21,439 basehttp 154 "GET / HTTP/1.1" 404 2116
WARNING 2019-04-01 22:42:54,670 log 228 Not Found: //mobiles/18516952650/count/
WARNING 2019-04-01 22:42:54,671 basehttp 154 "GET //mobiles/18516952650/count/ HTTP/1.1" 404 2205
WARNING 2019-04-01 22:42:54,743 log 228 Not Found: //mobiles/18516952650/count/
WARNING 2019-04-01 22:42:54,746 log 228 Not Found: //sms_codes/18516952650/
WARNING 2019-04-01 22:42:54,747 basehttp 154 "GET //mobiles/18516952650/count/ HTTP/1.1" 404 2205
WARNING 2019-04-01 22:42:54,748 basehttp 154 "GET //sms_codes/18516952650/ HTTP/1.1" 404 2193
WARNING 2019-04-01 22:42:56,947 log 228 Not Found: /
WARNING 2019-04-01 22:42:56,948 basehttp 154 "GET / HTTP/1.1" 404 2106
WARNING 2019-04-01 22:42:57,823 log 228 Not Found: /
WARNING 2019-04-01 22:42:57,824 basehttp 154 "GET / HTTP/1.1" 404 2106
WARNING 2019-04-01 22:42:58,024 log 228 Not Found: /
WARNING 2019-04-01 22:42:58,025 basehttp 154 "GET / HTTP/1.1" 404 2106
WARNING 2019-04-01 22:42:58,212 log 228 Not Found: /
WARNING 2019-04-01 22:42:58,213 basehttp 154 "GET / HTTP/1.1" 404 2106
WARNING 2019-04-01 22:42:58,399 log 228 Not Found: /
WARNING 2019-04-01 22:42:58,400 basehttp 154 "GET / HTTP/1.1" 404 2106
WARNING 2019-04-01 22:42:58,576 log 228 Not Found: /
WARNING 2019-04-01 22:42:58,577 basehttp 154 "GET / HTTP/1.1" 404 2106
WARNING 2019-04-01 22:42:58,756 log 228 Not Found: /
WARNING 2019-04-01 22:42:58,757 basehttp 154 "GET / HTTP/1.1" 404 2106
WARNING 2019-04-01 22:42:58,948 log 228 Not Found: /
WARNING 2019-04-01 22:42:58,949 basehttp 154 "GET / HTTP/1.1" 404 2106
WARNING 2019-04-01 22:42:59,136 log 228 Not Found: /
WARNING 2019-04-01 22:42:59,137 basehttp 154 "GET / HTTP/1.1" 404 2106
WARNING 2019-04-01 22:42:59,337 log 228 Not Found: /
WARNING 2019-04-01 22:42:59,338 basehttp 154 "GET / HTTP/1.1" 404 2106
WARNING 2019-04-01 22:42:59,546 log 228 Not Found: /
WARNING 2019-04-01 22:42:59,547 basehttp 154 "GET / HTTP/1.1" 404 2106
WARNING 2019-04-01 22:42:59,734 log 228 Not Found: /
WARNING 2019-04-01 22:42:59,735 basehttp 154 "GET / HTTP/1.1" 404 2106
WARNING 2019-04-01 22:42:59,919 log 228 Not Found: /
WARNING 2019-04-01 22:42:59,919 basehttp 154 "GET / HTTP/1.1" 404 2106
WARNING 2019-04-01 22:43:00,110 log 228 Not Found: /
WARNING 2019-04-01 22:43:00,110 basehttp 154 "GET / HTTP/1.1" 404 2106
WARNING 2019-04-01 22:43:00,290 log 228 Not Found: /
WARNING 2019-04-01 22:43:00,290 basehttp 154 "GET / HTTP/1.1" 404 2106
WARNING 2019-04-01 22:43:00,482 log 228 Not Found: /
WARNING 2019-04-01 22:43:00,483 basehttp 154 "GET / HTTP/1.1" 404 2106
WARNING 2019-04-01 22:43:00,674 log 228 Not Found: /
WARNING 2019-04-01 22:43:00,675 basehttp 154 "GET / HTTP/1.1" 404 2106
WARNING 2019-04-01 22:43:00,858 log 228 Not Found: /
WARNING 2019-04-01 22:43:00,859 basehttp 154 "GET / HTTP/1.1" 404 2106
WARNING 2019-04-01 22:43:01,041 log 228 Not Found: /
WARNING 2019-04-01 22:43:01,042 basehttp 154 "GET / HTTP/1.1" 404 2106
WARNING 2019-04-01 22:43:01,225 log 228 Not Found: /
WARNING 2019-04-01 22:43:01,226 basehttp 154 "GET / HTTP/1.1" 404 2106
WARNING 2019-04-01 22:43:01,395 log 228 Not Found: /
WARNING 2019-04-01 22:43:01,396 basehttp 154 "GET / HTTP/1.1" 404 2106
WARNING 2019-04-01 22:43:01,573 log 228 Not Found: /
WARNING 2019-04-01 22:43:01,573 basehttp 154 "GET / HTTP/1.1" 404 2106
WARNING 2019-04-01 22:43:01,721 log 228 Not Found: /
WARNING 2019-04-01 22:43:01,722 basehttp 154 "GET / HTTP/1.1" 404 2106
WARNING 2019-04-03 15:28:49,003 log 228 Not Found: /
WARNING 2019-04-03 15:28:49,006 basehttp 154 "GET / HTTP/1.1" 404 2113
WARNING 2019-04-03 15:28:49,076 log 228 Not Found: /favicon.ico
WARNING 2019-04-03 15:28:49,077 basehttp 154 "GET /favicon.ico HTTP/1.1" 404 2164
WARNING 2019-04-03 15:30:20,215 log 228 Not Found: /image_codes/1/
WARNING 2019-04-03 15:30:20,217 basehttp 154 "GET /image_codes/1/ HTTP/1.1" 404 2173
ERROR 2019-04-03 15:30:55,437 log 228 Internal Server Error: /image_codes/1/
Traceback (most recent call last):
  File "F:\acaond\lib\site-packages\django\core\handlers\exception.py", line 34, in inner
    response = get_response(request)
  File "F:\acaond\lib\site-packages\django\core\handlers\base.py", line 126, in _get_response
    response = self.process_exception_by_middleware(e, request)
  File "F:\acaond\lib\site-packages\django\core\handlers\base.py", line 124, in _get_response
    response = wrapped_callback(request, *callback_args, **callback_kwargs)
  File "F:\acaond\lib\site-packages\django\views\decorators\csrf.py", line 54, in wrapped_view
    return view_func(*args, **kwargs)
  File "F:\acaond\lib\site-packages\django\views\generic\base.py", line 68, in view
    return self.dispatch(request, *args, **kwargs)
  File "F:\acaond\lib\site-packages\rest_framework\views.py", line 495, in dispatch
    response = self.handle_exception(exc)
  File "F:\acaond\lib\site-packages\rest_framework\views.py", line 455, in handle_exception
    self.raise_uncaught_exception(exc)
  File "F:\acaond\lib\site-packages\rest_framework\views.py", line 492, in dispatch
    response = handler(request, *args, **kwargs)
  File "G:\python\my_object\shop_car\my_shopping\my_shopping\apps\verifications\views.py", line 13, in get
    text,image=captcha.generate_captcha()
ValueError: too many values to unpack (expected 2)
ERROR 2019-04-03 15:30:55,439 basehttp 154 "GET /image_codes/1/ HTTP/1.1" 500 89564
ERROR 2019-04-03 15:34:48,815 log 228 Internal Server Error: /image_codes/1/
Traceback (most recent call last):
  File "F:\acaond\lib\site-packages\django\core\handlers\exception.py", line 34, in inner
    response = get_response(request)
  File "F:\acaond\lib\site-packages\django\core\handlers\base.py", line 126, in _get_response
    response = self.process_exception_by_middleware(e, request)
  File "F:\acaond\lib\site-packages\django\core\handlers\base.py", line 124, in _get_response
    response = wrapped_callback(request, *callback_args, **callback_kwargs)
  File "F:\acaond\lib\site-packages\django\views\decorators\csrf.py", line 54, in wrapped_view
    return view_func(*args, **kwargs)
  File "F:\acaond\lib\site-packages\django\views\generic\base.py", line 68, in view
    return self.dispatch(request, *args, **kwargs)
  File "F:\acaond\lib\site-packages\rest_framework\views.py", line 495, in dispatch
    response = self.handle_exception(exc)
  File "F:\acaond\lib\site-packages\rest_framework\views.py", line 455, in handle_exception
    self.raise_uncaught_exception(exc)
  File "F:\acaond\lib\site-packages\rest_framework\views.py", line 492, in dispatch
    response = handler(request, *args, **kwargs)
  File "G:\python\my_object\shop_car\my_shopping\my_shopping\apps\verifications\views.py", line 13, in get
    text,image=captcha.generate_captcha()
ValueError: too many values to unpack (expected 2)
ERROR 2019-04-03 15:34:48,817 basehttp 154 "GET /image_codes/1/ HTTP/1.1" 500 89833
ERROR 2019-04-03 15:36:37,055 log 228 Internal Server Error: /image_codes/1/
Traceback (most recent call last):
  File "F:\acaond\lib\site-packages\django\core\handlers\exception.py", line 34, in inner
    response = get_response(request)
  File "F:\acaond\lib\site-packages\django\core\handlers\base.py", line 126, in _get_response
    response = self.process_exception_by_middleware(e, request)
  File "F:\acaond\lib\site-packages\django\core\handlers\base.py", line 124, in _get_response
    response = wrapped_callback(request, *callback_args, **callback_kwargs)
  File "F:\acaond\lib\site-packages\django\views\decorators\csrf.py", line 54, in wrapped_view
    return view_func(*args, **kwargs)
  File "F:\acaond\lib\site-packages\django\views\generic\base.py", line 68, in view
    return self.dispatch(request, *args, **kwargs)
  File "F:\acaond\lib\site-packages\rest_framework\views.py", line 495, in dispatch
    response = self.handle_exception(exc)
  File "F:\acaond\lib\site-packages\rest_framework\views.py", line 455, in handle_exception
    self.raise_uncaught_exception(exc)
  File "F:\acaond\lib\site-packages\rest_framework\views.py", line 492, in dispatch
    response = handler(request, *args, **kwargs)
  File "G:\python\my_object\shop_car\my_shopping\my_shopping\apps\verifications\views.py", line 13, in get
    text,image=captcha.generate_captcha()
ValueError: too many values to unpack (expected 2)
ERROR 2019-04-03 15:36:37,058 basehttp 154 "GET /image_codes/1/ HTTP/1.1" 500 89851
ERROR 2019-04-03 15:40:26,459 log 228 Internal Server Error: /image_codes/1/
Traceback (most recent call last):
  File "F:\acaond\lib\site-packages\django\core\handlers\exception.py", line 34, in inner
    response = get_response(request)
  File "F:\acaond\lib\site-packages\django\core\handlers\base.py", line 126, in _get_response
    response = self.process_exception_by_middleware(e, request)
  File "F:\acaond\lib\site-packages\django\core\handlers\base.py", line 124, in _get_response
    response = wrapped_callback(request, *callback_args, **callback_kwargs)
  File "F:\acaond\lib\site-packages\django\views\decorators\csrf.py", line 54, in wrapped_view
    return view_func(*args, **kwargs)
  File "F:\acaond\lib\site-packages\django\views\generic\base.py", line 68, in view
    return self.dispatch(request, *args, **kwargs)
  File "F:\acaond\lib\site-packages\rest_framework\views.py", line 495, in dispatch
    response = self.handle_exception(exc)
  File "F:\acaond\lib\site-packages\rest_framework\views.py", line 455, in handle_exception
    self.raise_uncaught_exception(exc)
  File "F:\acaond\lib\site-packages\rest_framework\views.py", line 492, in dispatch
    response = handler(request, *args, **kwargs)
  File "G:\python\my_object\shop_car\my_shopping\my_shopping\apps\verifications\views.py", line 16, in get
    redis_conn.setex("img_%s" %image_code_id,constants.IMAGE_CODE_REDIS_EXPIRES)
TypeError: setex() missing 1 required positional argument: 'value'
ERROR 2019-04-03 15:40:26,462 basehttp 154 "GET /image_codes/1/ HTTP/1.1" 500 95082
ERROR 2019-04-03 15:41:22,602 log 228 Internal Server Error: /image_codes/1/
Traceback (most recent call last):
  File "F:\acaond\lib\site-packages\django\core\handlers\exception.py", line 34, in inner
    response = get_response(request)
  File "F:\acaond\lib\site-packages\django\core\handlers\base.py", line 126, in _get_response
    response = self.process_exception_by_middleware(e, request)
  File "F:\acaond\lib\site-packages\django\core\handlers\base.py", line 124, in _get_response
    response = wrapped_callback(request, *callback_args, **callback_kwargs)
  File "F:\acaond\lib\site-packages\django\views\decorators\csrf.py", line 54, in wrapped_view
    return view_func(*args, **kwargs)
  File "F:\acaond\lib\site-packages\django\views\generic\base.py", line 68, in view
    return self.dispatch(request, *args, **kwargs)
  File "F:\acaond\lib\site-packages\rest_framework\views.py", line 495, in dispatch
    response = self.handle_exception(exc)
  File "F:\acaond\lib\site-packages\rest_framework\views.py", line 455, in handle_exception
    self.raise_uncaught_exception(exc)
  File "F:\acaond\lib\site-packages\rest_framework\views.py", line 492, in dispatch
    response = handler(request, *args, **kwargs)
  File "G:\python\my_object\shop_car\my_shopping\my_shopping\apps\verifications\views.py", line 13, in get
    text,image=captcha.generate_captcha()
ValueError: too many values to unpack (expected 2)
ERROR 2019-04-03 15:41:22,604 basehttp 154 "GET /image_codes/1/ HTTP/1.1" 500 89870
ERROR 2019-04-03 15:42:12,174 log 228 Internal Server Error: /image_codes/1/
Traceback (most recent call last):
  File "F:\acaond\lib\site-packages\django\core\handlers\exception.py", line 34, in inner
    response = get_response(request)
  File "F:\acaond\lib\site-packages\django\core\handlers\base.py", line 126, in _get_response
    response = self.process_exception_by_middleware(e, request)
  File "F:\acaond\lib\site-packages\django\core\handlers\base.py", line 124, in _get_response
    response = wrapped_callback(request, *callback_args, **callback_kwargs)
  File "F:\acaond\lib\site-packages\django\views\decorators\csrf.py", line 54, in wrapped_view
    return view_func(*args, **kwargs)
  File "F:\acaond\lib\site-packages\django\views\generic\base.py", line 68, in view
    return self.dispatch(request, *args, **kwargs)
  File "F:\acaond\lib\site-packages\rest_framework\views.py", line 495, in dispatch
    response = self.handle_exception(exc)
  File "F:\acaond\lib\site-packages\rest_framework\views.py", line 455, in handle_exception
    self.raise_uncaught_exception(exc)
  File "F:\acaond\lib\site-packages\rest_framework\views.py", line 492, in dispatch
    response = handler(request, *args, **kwargs)
  File "G:\python\my_object\shop_car\my_shopping\my_shopping\apps\verifications\views.py", line 13, in get
    image,text=captcha.generate_captcha()
ValueError: too many values to unpack (expected 2)
ERROR 2019-04-03 15:42:12,176 basehttp 154 "GET /image_codes/1/ HTTP/1.1" 500 89851
ERROR 2019-04-03 15:43:47,433 exceptions 26 [<verifications.views.ImageCodeView object at 0x000001DDF30E9320>] NOAUTH Authentication required.
ERROR 2019-04-03 15:43:47,732 log 228 Internal Server Error: /image_codes/1/
Traceback (most recent call last):
  File "F:\acaond\lib\site-packages\django\core\handlers\exception.py", line 34, in inner
    response = get_response(request)
  File "F:\acaond\lib\site-packages\django\core\handlers\base.py", line 156, in _get_response
    response = self.process_exception_by_middleware(e, request)
  File "F:\acaond\lib\site-packages\django\core\handlers\base.py", line 154, in _get_response
    response = response.render()
  File "F:\acaond\lib\site-packages\django\template\response.py", line 106, in render
    self.content = self.rendered_content
  File "F:\acaond\lib\site-packages\rest_framework\response.py", line 72, in rendered_content
    ret = renderer.render(self.data, accepted_media_type, context)
  File "F:\acaond\lib\site-packages\rest_framework\renderers.py", line 732, in render
    template = loader.get_template(self.template)
  File "F:\acaond\lib\site-packages\django\template\loader.py", line 19, in get_template
    raise TemplateDoesNotExist(template_name, chain=chain)
django.template.exceptions.TemplateDoesNotExist: rest_framework/api.html
ERROR 2019-04-03 15:43:47,735 basehttp 154 "GET /image_codes/1/ HTTP/1.1" 500 83748
ERROR 2019-04-03 15:49:42,993 log 228 Internal Server Error: /image_codes/1/
Traceback (most recent call last):
  File "F:\acaond\lib\site-packages\django\core\handlers\exception.py", line 34, in inner
    response = get_response(request)
  File "F:\acaond\lib\site-packages\django\core\handlers\base.py", line 156, in _get_response
    response = self.process_exception_by_middleware(e, request)
  File "F:\acaond\lib\site-packages\django\core\handlers\base.py", line 154, in _get_response
    response = response.render()
  File "F:\acaond\lib\site-packages\django\template\response.py", line 106, in render
    self.content = self.rendered_content
  File "F:\acaond\lib\site-packages\rest_framework\response.py", line 72, in rendered_content
    ret = renderer.render(self.data, accepted_media_type, context)
  File "F:\acaond\lib\site-packages\rest_framework\renderers.py", line 732, in render
    template = loader.get_template(self.template)
  File "F:\acaond\lib\site-packages\django\template\loader.py", line 19, in get_template
    raise TemplateDoesNotExist(template_name, chain=chain)
django.template.exceptions.TemplateDoesNotExist: rest_framework/api.html
ERROR 2019-04-03 15:49:42,997 basehttp 154 "GET /image_codes/1/ HTTP/1.1" 500 83816
INFO 2019-04-03 15:55:07,916 basehttp 154 "GET /image_codes/2 HTTP/1.1" 301 0
ERROR 2019-04-03 15:55:08,050 log 228 Internal Server Error: /image_codes/2/
Traceback (most recent call last):
  File "F:\acaond\lib\site-packages\django\core\handlers\exception.py", line 34, in inner
    response = get_response(request)
  File "F:\acaond\lib\site-packages\django\core\handlers\base.py", line 156, in _get_response
    response = self.process_exception_by_middleware(e, request)
  File "F:\acaond\lib\site-packages\django\core\handlers\base.py", line 154, in _get_response
    response = response.render()
  File "F:\acaond\lib\site-packages\django\template\response.py", line 106, in render
    self.content = self.rendered_content
  File "F:\acaond\lib\site-packages\rest_framework\response.py", line 72, in rendered_content
    ret = renderer.render(self.data, accepted_media_type, context)
  File "F:\acaond\lib\site-packages\rest_framework\renderers.py", line 732, in render
    template = loader.get_template(self.template)
  File "F:\acaond\lib\site-packages\django\template\loader.py", line 19, in get_template
    raise TemplateDoesNotExist(template_name, chain=chain)
django.template.exceptions.TemplateDoesNotExist: rest_framework/api.html
ERROR 2019-04-03 15:55:08,052 basehttp 154 "GET /image_codes/2/ HTTP/1.1" 500 83681
ERROR 2019-04-03 16:00:59,036 log 228 Internal Server Error: /image_codes/2/
Traceback (most recent call last):
  File "F:\acaond\lib\site-packages\django\core\handlers\exception.py", line 34, in inner
    response = get_response(request)
  File "F:\acaond\lib\site-packages\django\core\handlers\base.py", line 156, in _get_response
    response = self.process_exception_by_middleware(e, request)
  File "F:\acaond\lib\site-packages\django\core\handlers\base.py", line 154, in _get_response
    response = response.render()
  File "F:\acaond\lib\site-packages\django\template\response.py", line 106, in render
    self.content = self.rendered_content
  File "F:\acaond\lib\site-packages\rest_framework\response.py", line 72, in rendered_content
    ret = renderer.render(self.data, accepted_media_type, context)
  File "F:\acaond\lib\site-packages\rest_framework\renderers.py", line 732, in render
    template = loader.get_template(self.template)
  File "F:\acaond\lib\site-packages\django\template\loader.py", line 19, in get_template
    raise TemplateDoesNotExist(template_name, chain=chain)
django.template.exceptions.TemplateDoesNotExist: rest_framework/api.html
ERROR 2019-04-03 16:00:59,038 basehttp 154 "GET /image_codes/2/ HTTP/1.1" 500 84275
ERROR 2019-04-03 16:02:56,982 log 228 Internal Server Error: /image_codes/2/
Traceback (most recent call last):
  File "F:\acaond\lib\site-packages\django\core\handlers\exception.py", line 34, in inner
    response = get_response(request)
  File "F:\acaond\lib\site-packages\django\core\handlers\base.py", line 156, in _get_response
    response = self.process_exception_by_middleware(e, request)
  File "F:\acaond\lib\site-packages\django\core\handlers\base.py", line 154, in _get_response
    response = response.render()
  File "F:\acaond\lib\site-packages\django\template\response.py", line 106, in render
    self.content = self.rendered_content
  File "F:\acaond\lib\site-packages\rest_framework\response.py", line 72, in rendered_content
    ret = renderer.render(self.data, accepted_media_type, context)
  File "F:\acaond\lib\site-packages\rest_framework\renderers.py", line 732, in render
    template = loader.get_template(self.template)
  File "F:\acaond\lib\site-packages\django\template\loader.py", line 19, in get_template
    raise TemplateDoesNotExist(template_name, chain=chain)
django.template.exceptions.TemplateDoesNotExist: rest_framework/api.html
ERROR 2019-04-03 16:02:56,985 basehttp 154 "GET /image_codes/2/ HTTP/1.1" 500 84275
WARNING 2019-04-03 16:05:04,462 log 228 Method Not Allowed: /image_codes/2/
WARNING 2019-04-03 16:05:04,463 basehttp 154 "GET /image_codes/2/ HTTP/1.1" 405 8365
INFO 2019-04-03 16:05:04,495 basehttp 154 "GET /static/rest_framework/css/bootstrap-tweaks.css HTTP/1.1" 200 3385
INFO 2019-04-03 16:05:04,499 basehttp 154 "GET /static/rest_framework/js/ajax-form.js HTTP/1.1" 200 3597
INFO 2019-04-03 16:05:04,507 basehttp 154 "GET /static/rest_framework/css/prettify.css HTTP/1.1" 200 817
INFO 2019-04-03 16:05:04,516 basehttp 154 "GET /static/rest_framework/js/bootstrap.min.js HTTP/1.1" 200 37608
INFO 2019-04-03 16:05:04,521 basehttp 154 "GET /static/rest_framework/js/jquery-3.3.1.min.js HTTP/1.1" 200 86927
INFO 2019-04-03 16:05:04,524 basehttp 154 "GET /static/rest_framework/js/prettify-min.js HTTP/1.1" 200 13632
INFO 2019-04-03 16:05:04,530 basehttp 154 "GET /static/rest_framework/js/csrf.js HTTP/1.1" 200 1719
INFO 2019-04-03 16:05:04,549 basehttp 154 "GET /static/rest_framework/js/default.js HTTP/1.1" 200 1268
INFO 2019-04-03 16:05:04,575 basehttp 154 "GET /static/rest_framework/css/default.css HTTP/1.1" 200 1131
INFO 2019-04-03 16:05:04,583 basehttp 154 "GET /static/rest_framework/css/bootstrap.min.css HTTP/1.1" 200 121457
INFO 2019-04-03 16:05:04,638 basehttp 154 "GET /static/rest_framework/img/grid.png HTTP/1.1" 200 1458
INFO 2019-04-03 16:05:22,820 basehttp 154 "OPTIONS /image_codes/2/ HTTP/1.1" 200 8655
WARNING 2019-04-03 16:12:09,193 log 228 Method Not Allowed: /image_codes/1/
WARNING 2019-04-03 16:12:09,196 basehttp 154 "GET /image_codes/1/ HTTP/1.1" 405 8365
WARNING 2019-04-03 16:12:55,359 log 228 Method Not Allowed: /image_codes/2/
WARNING 2019-04-03 16:12:55,359 basehttp 154 "GET /image_codes/2/ HTTP/1.1" 405 8365
INFO 2019-04-03 16:12:55,384 basehttp 154 "GET /static/rest_framework/css/bootstrap.min.css HTTP/1.1" 200 121457
INFO 2019-04-03 16:12:55,384 basehttp 154 "GET /static/rest_framework/css/prettify.css HTTP/1.1" 200 817
INFO 2019-04-03 16:12:55,385 basehttp 154 "GET /static/rest_framework/css/bootstrap-tweaks.css HTTP/1.1" 200 3385
INFO 2019-04-03 16:12:55,386 basehttp 154 "GET /static/rest_framework/css/default.css HTTP/1.1" 200 1131
INFO 2019-04-03 16:12:55,390 basehttp 154 "GET /static/rest_framework/js/ajax-form.js HTTP/1.1" 200 3597
INFO 2019-04-03 16:12:55,391 basehttp 154 "GET /static/rest_framework/js/csrf.js HTTP/1.1" 200 1719
INFO 2019-04-03 16:12:55,392 basehttp 154 "GET /static/rest_framework/js/jquery-3.3.1.min.js HTTP/1.1" 200 86927
INFO 2019-04-03 16:12:55,404 basehttp 154 "GET /static/rest_framework/js/default.js HTTP/1.1" 200 1268
INFO 2019-04-03 16:12:55,404 basehttp 154 "GET /static/rest_framework/js/prettify-min.js HTTP/1.1" 200 13632
INFO 2019-04-03 16:12:55,405 basehttp 154 "GET /static/rest_framework/js/bootstrap.min.js HTTP/1.1" 200 37608
INFO 2019-04-03 16:12:55,511 basehttp 154 "GET /static/rest_framework/img/grid.png HTTP/1.1" 200 1458
WARNING 2019-04-03 16:12:55,740 log 228 Not Found: /favicon.ico
WARNING 2019-04-03 16:12:55,741 basehttp 154 "GET /favicon.ico HTTP/1.1" 404 2167
WARNING 2019-04-03 16:13:33,572 log 228 Method Not Allowed: /image_codes/2/
WARNING 2019-04-03 16:13:33,572 basehttp 154 "GET /image_codes/2/ HTTP/1.1" 405 8365
WARNING 2019-04-03 16:20:55,316 log 228 Method Not Allowed: /image_codes/2/
WARNING 2019-04-03 16:20:55,317 basehttp 154 "GET /image_codes/2/ HTTP/1.1" 405 8365
WARNING 2019-04-03 16:26:41,668 log 228 Method Not Allowed: /image_codes/2/
WARNING 2019-04-03 16:26:41,668 basehttp 154 "GET /image_codes/2/ HTTP/1.1" 405 8365
WARNING 2019-04-03 16:29:51,061 log 228 Method Not Allowed: /image_codes/2/
WARNING 2019-04-03 16:29:51,061 basehttp 154 "GET /image_codes/2/ HTTP/1.1" 405 8365
WARNING 2019-04-03 16:32:32,306 log 228 Method Not Allowed: /image_codes/2/
WARNING 2019-04-03 16:32:32,307 basehttp 154 "GET /image_codes/2/ HTTP/1.1" 405 8365
WARNING 2019-04-03 16:32:35,193 log 228 Method Not Allowed: /image_codes/2/
WARNING 2019-04-03 16:32:35,194 basehttp 154 "GET /image_codes/2/ HTTP/1.1" 405 8365
WARNING 2019-04-03 16:32:35,418 log 228 Method Not Allowed: /image_codes/2/
WARNING 2019-04-03 16:32:35,418 basehttp 154 "GET /image_codes/2/ HTTP/1.1" 405 8365
WARNING 2019-04-03 16:32:35,635 log 228 Method Not Allowed: /image_codes/2/
WARNING 2019-04-03 16:32:35,636 basehttp 154 "GET /image_codes/2/ HTTP/1.1" 405 8365
WARNING 2019-04-03 16:32:35,817 log 228 Method Not Allowed: /image_codes/2/
WARNING 2019-04-03 16:32:35,817 basehttp 154 "GET /image_codes/2/ HTTP/1.1" 405 8365
WARNING 2019-04-03 16:33:00,219 log 228 Method Not Allowed: /image_codes/1/
WARNING 2019-04-03 16:33:00,219 basehttp 154 "GET /image_codes/1/ HTTP/1.1" 405 8365
WARNING 2019-04-03 16:33:02,088 log 228 Method Not Allowed: /image_codes/1/
WARNING 2019-04-03 16:33:02,095 basehttp 154 "GET /image_codes/1/ HTTP/1.1" 405 8365
WARNING 2019-04-03 16:33:02,288 log 228 Method Not Allowed: /image_codes/1/
WARNING 2019-04-03 16:33:02,289 basehttp 154 "GET /image_codes/1/ HTTP/1.1" 405 8365
WARNING 2019-04-03 16:33:02,503 log 228 Method Not Allowed: /image_codes/1/
WARNING 2019-04-03 16:33:02,504 basehttp 154 "GET /image_codes/1/ HTTP/1.1" 405 8365
WARNING 2019-04-03 16:33:02,671 log 228 Method Not Allowed: /image_codes/1/
WARNING 2019-04-03 16:33:02,671 basehttp 154 "GET /image_codes/1/ HTTP/1.1" 405 8365
WARNING 2019-04-03 16:33:02,844 log 228 Method Not Allowed: /image_codes/1/
WARNING 2019-04-03 16:33:02,845 basehttp 154 "GET /image_codes/1/ HTTP/1.1" 405 8365
WARNING 2019-04-03 16:33:03,029 log 228 Method Not Allowed: /image_codes/1/
WARNING 2019-04-03 16:33:03,030 basehttp 154 "GET /image_codes/1/ HTTP/1.1" 405 8365
WARNING 2019-04-03 16:45:22,677 log 228 Method Not Allowed: /image_codes/1/
WARNING 2019-04-03 16:45:22,678 basehttp 154 "GET /image_codes/1/ HTTP/1.1" 405 8365
WARNING 2019-04-03 16:45:23,360 log 228 Method Not Allowed: /image_codes/1/
WARNING 2019-04-03 16:45:23,361 basehttp 154 "GET /image_codes/1/ HTTP/1.1" 405 8365
WARNING 2019-04-03 16:45:23,570 log 228 Method Not Allowed: /image_codes/1/
WARNING 2019-04-03 16:45:23,571 basehttp 154 "GET /image_codes/1/ HTTP/1.1" 405 8365
WARNING 2019-04-03 16:45:23,758 log 228 Method Not Allowed: /image_codes/1/
WARNING 2019-04-03 16:45:23,759 basehttp 154 "GET /image_codes/1/ HTTP/1.1" 405 8365
WARNING 2019-04-03 16:45:23,938 log 228 Method Not Allowed: /image_codes/1/
WARNING 2019-04-03 16:45:23,939 basehttp 154 "GET /image_codes/1/ HTTP/1.1" 405 8365
WARNING 2019-04-03 16:45:24,124 log 228 Method Not Allowed: /image_codes/1/
WARNING 2019-04-03 16:45:24,125 basehttp 154 "GET /image_codes/1/ HTTP/1.1" 405 8365
INFO 2019-04-03 16:45:28,674 basehttp 154 "OPTIONS /image_codes/1/ HTTP/1.1" 200 8655
WARNING 2019-04-03 16:49:26,030 log 228 Method Not Allowed: /image_codes/1/
WARNING 2019-04-03 16:49:26,031 basehttp 154 "GET /image_codes/1/ HTTP/1.1" 405 8365
WARNING 2019-04-03 16:53:18,156 log 228 Method Not Allowed: /image_codes/1/
WARNING 2019-04-03 16:53:18,156 basehttp 154 "GET /image_codes/1/ HTTP/1.1" 405 8365
INFO 2019-04-03 16:55:37,789 basehttp 154 "OPTIONS /image_codes/1/ HTTP/1.1" 200 8655
WARNING 2019-04-03 17:56:08,387 log 228 Not Found: /image_codes/2/
WARNING 2019-04-03 17:56:08,388 basehttp 154 "GET /image_codes/2/ HTTP/1.1" 404 2176
WARNING 2019-04-03 18:00:25,225 log 228 Not Found: /image_codes/2/
WARNING 2019-04-03 18:00:25,226 basehttp 154 "GET /image_codes/2/ HTTP/1.1" 404 77
WARNING 2019-04-03 18:00:35,733 log 228 Not Found: /image_codes/2/
WARNING 2019-04-03 18:00:35,735 basehttp 154 "GET /image_codes/2/ HTTP/1.1" 404 77
WARNING 2019-04-03 18:00:45,766 log 228 Not Found: /image_codes/2/
WARNING 2019-04-03 18:00:45,767 basehttp 154 "GET /image_codes/2/ HTTP/1.1" 404 77
WARNING 2019-04-03 18:00:47,881 log 228 Not Found: /image_codes/2/
WARNING 2019-04-03 18:00:47,882 basehttp 154 "GET /image_codes/2/ HTTP/1.1" 404 77
WARNING 2019-04-03 18:00:48,079 log 228 Not Found: /image_codes/2/
WARNING 2019-04-03 18:00:48,080 basehttp 154 "GET /image_codes/2/ HTTP/1.1" 404 77
WARNING 2019-04-03 18:00:48,269 log 228 Not Found: /image_codes/2/
WARNING 2019-04-03 18:00:48,270 basehttp 154 "GET /image_codes/2/ HTTP/1.1" 404 77
WARNING 2019-04-03 18:00:48,489 log 228 Not Found: /image_codes/2/
WARNING 2019-04-03 18:00:48,490 basehttp 154 "GET /image_codes/2/ HTTP/1.1" 404 77
WARNING 2019-04-03 18:00:48,774 log 228 Not Found: /image_codes/2/
WARNING 2019-04-03 18:00:48,775 basehttp 154 "GET /image_codes/2/ HTTP/1.1" 404 77
WARNING 2019-04-03 18:16:26,287 log 228 Not Found: /image_codes/2/
WARNING 2019-04-03 18:16:26,288 basehttp 154 "GET /image_codes/2/ HTTP/1.1" 404 77
WARNING 2019-04-03 18:16:26,697 log 228 Not Found: /image_codes/2/
WARNING 2019-04-03 18:16:26,698 basehttp 154 "GET /image_codes/2/ HTTP/1.1" 404 77
WARNING 2019-04-03 18:16:27,093 log 228 Not Found: /image_codes/2/
WARNING 2019-04-03 18:16:27,094 basehttp 154 "GET /image_codes/2/ HTTP/1.1" 404 77
WARNING 2019-04-03 18:16:27,303 log 228 Not Found: /image_codes/2/
WARNING 2019-04-03 18:16:27,304 basehttp 154 "GET /image_codes/2/ HTTP/1.1" 404 77
WARNING 2019-04-03 18:16:30,360 log 228 Not Found: /image_codes/2/
WARNING 2019-04-03 18:16:30,361 basehttp 154 "GET /image_codes/2/ HTTP/1.1" 404 77
WARNING 2019-04-03 18:16:30,558 log 228 Not Found: /image_codes/2/
WARNING 2019-04-03 18:16:30,559 basehttp 154 "GET /image_codes/2/ HTTP/1.1" 404 77
WARNING 2019-04-03 18:16:30,733 log 228 Not Found: /image_codes/2/
WARNING 2019-04-03 18:16:30,734 basehttp 154 "GET /image_codes/2/ HTTP/1.1" 404 77
WARNING 2019-04-03 18:16:30,920 log 228 Not Found: /image_codes/2/
WARNING 2019-04-03 18:16:30,921 basehttp 154 "GET /image_codes/2/ HTTP/1.1" 404 77
WARNING 2019-04-03 18:16:35,749 log 228 Not Found: /image_codes/
WARNING 2019-04-03 18:16:35,750 basehttp 154 "GET /image_codes/ HTTP/1.1" 404 77
WARNING 2019-04-03 18:16:38,465 log 228 Not Found: /image_codes/
WARNING 2019-04-03 18:16:38,466 basehttp 154 "GET /image_codes/ HTTP/1.1" 404 77
WARNING 2019-04-03 18:16:43,234 log 228 Not Found: /image_codes/1/
WARNING 2019-04-03 18:16:43,235 basehttp 154 "GET /image_codes/1/ HTTP/1.1" 404 77
WARNING 2019-04-03 18:16:48,731 log 228 Not Found: /image_codes/1/
WARNING 2019-04-03 18:16:48,732 basehttp 154 "GET /image_codes/1/ HTTP/1.1" 404 77
WARNING 2019-04-03 18:16:48,946 log 228 Not Found: /image_codes/1/
WARNING 2019-04-03 18:16:48,947 basehttp 154 "GET /image_codes/1/ HTTP/1.1" 404 77
WARNING 2019-04-03 18:16:49,160 log 228 Not Found: /image_codes/1/
WARNING 2019-04-03 18:16:49,161 basehttp 154 "GET /image_codes/1/ HTTP/1.1" 404 77
WARNING 2019-04-03 18:16:49,355 log 228 Not Found: /image_codes/1/
WARNING 2019-04-03 18:16:49,356 basehttp 154 "GET /image_codes/1/ HTTP/1.1" 404 77
WARNING 2019-04-03 18:16:49,559 log 228 Not Found: /image_codes/1/
WARNING 2019-04-03 18:16:49,560 basehttp 154 "GET /image_codes/1/ HTTP/1.1" 404 77
WARNING 2019-04-03 18:16:49,737 log 228 Not Found: /image_codes/1/
WARNING 2019-04-03 18:16:49,738 basehttp 154 "GET /image_codes/1/ HTTP/1.1" 404 77
WARNING 2019-04-03 18:16:49,905 log 228 Not Found: /image_codes/1/
WARNING 2019-04-03 18:16:49,907 basehttp 154 "GET /image_codes/1/ HTTP/1.1" 404 77
WARNING 2019-04-03 18:17:15,479 log 228 Not Found: /image_codes/1/
WARNING 2019-04-03 18:17:15,479 basehttp 154 "GET /image_codes/1/ HTTP/1.1" 404 2176
