[2019-02-25 12:04:52,324][MainThread:12592][task_id:student][common.py:43][INFO][马云学生注册成功]
[2019-02-25 12:07:12,642][MainThread:10324][task_id:student][student.py:44][INFO][马云选择了西南交通大学学校]
[2019-02-25 12:07:12,643][MainThread:10324][task_id:student][student.py:46][ERROR][马云选择的学校失败]
[2019-02-25 12:07:24,970][MainThread:10324][task_id:student][student.py:71][ERROR][马云选择的课程不存在]
[2019-02-25 12:07:29,762][MainThread:10324][task_id:student][student.py:71][ERROR][马云选择的课程不存在]
[2019-02-25 12:07:32,555][MainThread:10324][task_id:student][student.py:71][ERROR][马云选择的课程不存在]
[2019-02-25 12:08:21,475][MainThread:6424][task_id:student][student.py:44][INFO][马云选择了西南交通大学上海校区学校]
[2019-02-25 12:08:21,478][MainThread:6424][task_id:student][student.py:46][ERROR][马云选择的学校失败]
[2019-02-25 12:09:01,917][MainThread:13108][task_id:student][common.py:43][INFO][qq学生注册成功]
[2019-02-25 12:09:12,419][MainThread:1800][task_id:student][student.py:44][INFO][qq选择了西南交通大学学校]
[2019-02-25 12:09:12,419][MainThread:1800][task_id:student][student.py:46][ERROR][qq选择的学校失败]
[2019-02-25 12:09:21,387][MainThread:1800][task_id:student][student.py:71][ERROR][qq选择的课程不存在]
[2019-02-25 12:14:00,564][MainThread:14276][task_id:student][student.py:71][ERROR][qq选择的课程不存在]
[2019-02-25 12:46:30,950][MainThread:9932][task_id:student][student.py:81][INFO][马云选择了语文课程]
[2019-02-25 12:46:41,703][MainThread:9932][task_id:student][student.py:122][INFO][马云加入西南交通大学上海校区学校语文1班班级]
[2019-02-25 12:52:52,350][MainThread:6120][task_id:student][student.py:177][INFO][马云交了5000]
[2019-02-25 12:53:02,286][MainThread:6120][task_id:student][student.py:37][ERROR][qq选择的学校之前已经选择]
[2019-02-25 12:53:11,406][MainThread:6120][task_id:student][student.py:81][INFO][qq选择了语文课课程]
[2019-02-25 12:53:19,190][MainThread:6120][task_id:student][student.py:121][INFO][qq加入西南交通大学学校语文1班班级]
[2019-02-25 12:53:30,302][MainThread:6120][task_id:student][student.py:177][INFO][qq交了5000]
[2019-02-25 12:53:33,702][MainThread:6120][task_id:student][student.py:145][ERROR][qq交过学费了]
[2019-02-25 13:02:02,440][MainThread:14488][task_id:student][student.py:81][INFO][qq选择了数学课课程]
[2019-02-25 13:02:13,541][MainThread:14488][task_id:student][student.py:94][ERROR][qq选择的班级已存在]
[2019-02-25 13:06:22,541][MainThread:11072][task_id:student][student.py:76][ERROR][qq选择的课程已存在]
[2019-02-25 13:06:30,253][MainThread:11072][task_id:student][student.py:80][ERROR][qq已经有课程了]
[2019-02-25 13:07:45,558][MainThread:7276][task_id:student][student.py:58][ERROR][qq已经有课程了]
[2019-02-25 13:07:53,485][MainThread:7276][task_id:student][student.py:151][ERROR][qq交过学费了]
[2019-02-26 08:51:27,063][MainThread:13952][task_id:student][common.py:43][INFO][apple学生注册成功]
[2019-02-26 08:56:49,164][MainThread:9832][task_id:student][student.py:44][INFO][apple选择了上海交大1分校学校]
[2019-02-26 08:56:49,165][MainThread:9832][task_id:student][student.py:46][ERROR][apple选择的学校失败]
[2019-02-26 08:59:10,172][MainThread:7580][task_id:student][student.py:44][INFO][apple选择了上海交通大学学校]
[2019-02-26 08:59:10,173][MainThread:7580][task_id:student][student.py:46][ERROR][apple选择的学校失败]
[2019-02-26 08:59:17,132][MainThread:7580][task_id:student][student.py:44][INFO][apple选择了上海交大1分校学校]
[2019-02-26 08:59:17,132][MainThread:7580][task_id:student][student.py:46][ERROR][apple选择的学校失败]
[2019-02-26 09:00:24,430][MainThread:12024][task_id:student][common.py:43][INFO][apple学生注册成功]
[2019-02-26 09:00:35,812][MainThread:6772][task_id:student][student.py:44][INFO][apple选择了上海交大1分校学校]
[2019-02-26 09:00:35,812][MainThread:6772][task_id:student][student.py:46][ERROR][apple选择的学校失败]
[2019-02-26 09:00:45,566][MainThread:6772][task_id:student][student.py:44][INFO][apple选择了上海交通大学学校]
[2019-02-26 09:00:45,566][MainThread:6772][task_id:student][student.py:46][ERROR][apple选择的学校失败]
[2019-02-26 09:01:14,589][MainThread:6772][task_id:student][student.py:87][INFO][apple选择了语文课课程]
[2019-02-26 09:01:28,804][MainThread:6772][task_id:student][student.py:127][INFO][apple加入上海交通大学学校语文1班班级]
[2019-02-26 09:07:10,203][MainThread:11292][task_id:student][student.py:62][ERROR][apple已经有课程了]
[2019-02-26 09:07:34,515][MainThread:10816][task_id:student][student.py:41][ERROR][apple选择的学校之前已经选择]
[2019-02-26 09:07:41,092][MainThread:10816][task_id:student][student.py:48][INFO][apple选择了上海交大1分校学校]
[2019-02-26 09:07:41,092][MainThread:10816][task_id:student][student.py:50][ERROR][apple选择的学校失败]
[2019-02-26 09:08:27,948][MainThread:13484][task_id:student][student.py:41][ERROR][apple选择的学校之前已经选择]
[2019-02-26 09:08:32,643][MainThread:13484][task_id:student][student.py:48][INFO][apple选择了上海交通大学学校]
[2019-02-26 09:08:32,643][MainThread:13484][task_id:student][student.py:50][ERROR][apple选择的学校失败]
[2019-02-26 09:10:49,421][MainThread:5304][task_id:student][common.py:43][INFO][apple学生注册成功]
[2019-02-26 09:11:01,227][MainThread:13500][task_id:student][student.py:49][INFO][apple选择了上海交大1分校学校]
[2019-02-26 09:11:01,227][MainThread:13500][task_id:student][student.py:51][ERROR][apple选择的学校失败]
[2019-02-26 09:11:14,651][MainThread:13500][task_id:student][student.py:92][INFO][apple选择了语文课课程]
[2019-02-26 09:11:23,147][MainThread:13500][task_id:student][student.py:132][INFO][apple加入上海交大1分校学校语文1班班级]
[2019-02-26 09:11:33,939][MainThread:13500][task_id:student][student.py:188][INFO][apple交了5000]
[2019-02-26 09:13:10,698][MainThread:2980][task_id:student][student.py:64][ERROR][apple已经有课程了]
[2019-02-26 09:13:15,755][MainThread:2980][task_id:student][student.py:106][ERROR][apple选择的班级已存在]
[2019-02-26 09:40:19,401][MainThread:11084][task_id:student][common.py:43][INFO][pear学生注册成功]
[2019-02-26 10:08:57,718][MainThread:14100][task_id:student][common.py:43][INFO][qq学生注册成功]
[2019-02-26 10:09:13,477][MainThread:13740][task_id:student][student.py:50][INFO][qq选择了上海交通大学学校]
[2019-02-26 10:09:13,477][MainThread:13740][task_id:student][student.py:52][ERROR][qq选择的学校失败]
[2019-02-26 10:09:21,391][MainThread:13740][task_id:student][student.py:93][INFO][qq选择了数学课课程]
[2019-02-26 10:09:30,486][MainThread:13740][task_id:student][student.py:133][INFO][qq加入上海交通大学学校数学1班班级]
[2019-02-26 10:09:39,220][MainThread:13740][task_id:student][student.py:189][INFO][qq交了5000]
